[INFO] logger started at Tue Jul 26 14:13:56 CDT 2016
[INFO] executable name: C:\Users\tacdev\Downloads\tws-latest-windows-x86.exe
[INFO] install4j version: 6.1.1 (build 6254)
[INFO] Properties: 
-- listing properties --
java.runtime.name=Java(TM) SE Runtime Environment
exe4j.moduleName=C:\Users\tacdev\Downloads\tws-latest-...
sun.boot.library.path=c:\users\tacdev\.i4j_jres\1.8.0_60_32...
exe4j.semaphoreName=Local\c:_users_tacdev_downloads_tws-l...
java.vm.version=25.60-b23
java.vm.vendor=Oracle Corporation
java.vendor.url=http://java.oracle.com/
path.separator=;
exe4j.consoleCodepage=cp0
java.vm.name=Java HotSpot(TM) Client VM
file.encoding.pkg=sun.io
user.script=
user.country=US
sun.os.patch.level=Service Pack 1
install4j.exeDir=C:\Users\tacdev\Downloads\
java.vm.specification.name=Java Virtual Machine Specification
user.dir=C:\Users\tacdev\AppData\Local\Temp\e4...
java.runtime.version=1.8.0_60-b27
java.awt.graphicsenv=sun.awt.Win32GraphicsEnvironment
java.endorsed.dirs=c:\users\tacdev\.i4j_jres\1.8.0_60_32...
os.arch=x86
java.io.tmpdir=C:\Users\tacdev\AppData\Local\Temp\
line.separator=

java.vm.specification.vendor=Oracle Corporation
user.variant=
exe4j.tempDir=C:\Users\tacdev\AppData\Local\Temp\e4...
os.name=Windows 7
sun.java2d.noddraw=true
sun.jnu.encoding=GBK
java.library.path=C:\Users\tacdev\AppData\Local\Temp\e4...
java.specification.name=Java Platform API Specification
java.class.version=52.0
sun.management.compiler=HotSpot Client Compiler
exe4j.isInstall4j=true
os.version=6.1
user.home=C:\Users\tacdev
user.timezone=America/Chicago
java.awt.printerjob=sun.awt.windows.WPrinterJob
java.specification.version=1.8
file.encoding=GBK
user.name=tacdev
java.class.path=C:\Users\tacdev\AppData\Local\Temp\e4...
java.vm.specification.version=1.8
sun.arch.data.model=32
java.home=c:\users\tacdev\.i4j_jres\1.8.0_60_32
sun.java.command=C:\Users\tacdev\Downloads\tws-latest-...
exe4j.launchName=C:\Users\tacdev\DOWNLO~1\TWS-LA~1.EXE
java.specification.vendor=Oracle Corporation
user.language=en
awt.toolkit=sun.awt.windows.WToolkit
java.vm.info=mixed mode
exe4j.unextractedPosition=3803309
java.version=1.8.0_60
java.ext.dirs=c:\users\tacdev\.i4j_jres\1.8.0_60_32...
sun.boot.class.path=c:\users\tacdev\.i4j_jres\1.8.0_60_32...
java.vendor=Oracle Corporation
install4j.appDir=C:\Users\tacdev\AppData\Local\Temp\
file.separator=\
java.vendor.url.bug=http://bugreport.sun.com/bugreport/
sun.cpu.endian=little
sun.io.unicode.encoding=UnicodeLittle
sun.desktop=windows
sun.cpu.isalist=pentium_pro+mmx pentium_pro pentium+m...
[INFO] System language 'en'
[INFO] com.install4j.runtime.beans.actions.control.SetVariableAction [ID 3121]: Execute action
       Property script: com.install4j.script.I4jScript_Internal_1
       Property variableName: installerType
       Property rollbackSupported: false
       Property failIfNull: true
       Property onlyIfUndefined: false
       Property responseFileVariable: true
       Variable changed: installerType=updatable[class java.lang.String]
       Execute action successful after 9 ms
[INFO] com.install4j.runtime.beans.actions.control.RunScriptAction [ID 1597]: Execute action
       Property script: com.install4j.script.I4jScript_Internal_2
       Property rollbackSupported: false
       Property rollbackScript: null
       Execute action successful after 0 ms
[INFO] com.install4j.runtime.beans.actions.control.SetVariableAction [ID 2316]: Execute action
       Property script: com.install4j.script.I4jScript_Internal_3
       Property variableName: jtsConfigDir
       Property rollbackSupported: false
       Property failIfNull: true
       Property onlyIfUndefined: false
       Property responseFileVariable: false
       Variable changed: jtsConfigDir=C:\Jts[class java.lang.String]
       Execute action successful after 1 ms
[INFO] com.install4j.runtime.beans.actions.control.SetVariableAction [ID 2518]: Execute action
       Property script: com.install4j.script.I4jScript_Internal_4
       Property variableName: vmOptionsPath
       Property rollbackSupported: false
       Property failIfNull: true
       Property onlyIfUndefined: false
       Property responseFileVariable: false
       Variable changed: vmOptionsPath=C:\Jts\tws.vmoptions[class java.lang.String]
       Execute action successful after 0 ms
[INFO] com.install4j.runtime.beans.actions.control.SetVariableAction [ID 4410]: Execute action
       Property script: com.install4j.script.I4jScript_Internal_5
       Property variableName: prevInstallDir
       Property rollbackSupported: false
       Property failIfNull: false
       Property onlyIfUndefined: false
       Property responseFileVariable: false
       Checking application registry [appId: 5889-6375-8446-2021]...
       Found an existing installation [installDir: C:\Jts]
       Variable changed: prevInstallDir=C:\Jts[class java.io.File]
       Execute action successful after 11 ms
[INFO] com.install4j.runtime.beans.actions.xml.XPathReadAction [ID 4449]: Execute action
       Property nodeVariableName: 
       Property file: C:\Jts\.install4j\i4jparams.conf
       Property variableName: prevMajorVersion
       Property xpathExpression: /config/compilerVariables/variable[@name="majorVersion"]/@value
       Property rollbackSupported: true
[ERROR] com.install4j.runtime.beans.actions.xml.XPathReadAction [ID 4449]: No nodes found for XPath /config/compilerVariables/variable[@name="majorVersion"]/@value
        Execute action not successful after 127 ms
[INFO] com.install4j.runtime.beans.actions.control.SetVariableAction [ID 3516]: Execute action
       Property script: com.install4j.script.I4jScript_Internal_7
       Property variableName: appInstalled
       Property rollbackSupported: false
       Property failIfNull: true
       Property onlyIfUndefined: false
       Property responseFileVariable: false
       Variable changed: appInstalled=true[class java.lang.Boolean]
       Execute action successful after 0 ms
[INFO] com.install4j.runtime.beans.actions.xml.XPathReadAction [ID 3517]: Execute action
       Property nodeVariableName: 
       Property file: C:\Jts\.install4j\i4jparams.conf
       Property variableName: installedChannel
       Property xpathExpression: /config/compilerVariables/variable[@name="channel"]/@value
       Property rollbackSupported: true
       Variable changed: installedChannel=latest[class java.lang.String]
       Execute action successful after 15 ms
[INFO] com.install4j.runtime.beans.actions.control.SetVariableAction [ID 3533]: Execute action
       Property script: com.install4j.script.I4jScript_Internal_9
       Property variableName: sameChannelInstalled
       Property rollbackSupported: false
       Property failIfNull: true
       Property onlyIfUndefined: false
       Property responseFileVariable: false
       Variable changed: sameChannelInstalled=true[class java.lang.Boolean]
       Execute action successful after 1 ms
[INFO] com.install4j.runtime.beans.actions.control.SetVariableAction [ID 3639]: Execute action
       Property script: com.install4j.script.I4jScript_Internal_10
       Property variableName: cmdLineArgs
       Property rollbackSupported: false
       Property failIfNull: true
       Property onlyIfUndefined: false
       Property responseFileVariable: true
       Variable changed: cmdLineArgs=[C:\Jts, gdc1.ibllc.com:4000][class [Ljava.lang.String;]
       Execute action successful after 0 ms
[INFO] com.install4j.runtime.beans.actions.control.SetVariableAction [ID 1892]: Execute action
       Property script: com.install4j.script.I4jScript_Internal_11
       Property variableName: exeName
       Property rollbackSupported: false
       Property failIfNull: true
       Property onlyIfUndefined: false
       Property responseFileVariable: true
       Variable changed: exeName=tws[class java.lang.String]
       Execute action successful after 1 ms
[INFO] com.install4j.runtime.beans.actions.control.SetVariableAction [ID 1682]: Execute action
       Property script: com.install4j.script.I4jScript_Internal_12
       Property variableName: skipUpdateCheck
       Property rollbackSupported: false
       Property failIfNull: true
       Property onlyIfUndefined: true
       Property responseFileVariable: false
       Execute action successful after 0 ms
[INFO] com.install4j.runtime.beans.actions.control.SetVariableAction [ID 2821]: Execute action
       Property script: com.install4j.script.I4jScript_Internal_13
       Property variableName: skipExecuteLauncher
       Property rollbackSupported: false
       Property failIfNull: true
       Property onlyIfUndefined: true
       Property responseFileVariable: false
       Variable changed: skipExecuteLauncher=false[class java.lang.Boolean]
       Execute action successful after 1 ms
[INFO] com.install4j.runtime.beans.actions.control.SetVariableAction [ID 2668]: Execute action
       Property script: com.install4j.script.I4jScript_Internal_14
       Property variableName: nightlyEntitled
       Property rollbackSupported: false
       Property failIfNull: true
       Property onlyIfUndefined: true
       Property responseFileVariable: false
       Variable changed: nightlyEntitled=false[class java.lang.Boolean]
       Execute action successful after 0 ms
[INFO] com.install4j.runtime.beans.actions.control.SetVariableAction [ID 2742]: Execute action
       Property script: com.install4j.script.I4jScript_Internal_15
       Property variableName: autoInstall
       Property rollbackSupported: false
       Property failIfNull: true
       Property onlyIfUndefined: true
       Property responseFileVariable: false
       Variable changed: autoInstall=false[class java.lang.Boolean]
       Execute action successful after 0 ms
[INFO] com.install4j.runtime.beans.actions.control.SetVariableAction [ID 2306]: Execute action
       Property script: com.install4j.script.I4jScript_Internal_16
       Property variableName: savedVmOptions
       Property rollbackSupported: false
       Property failIfNull: true
       Property onlyIfUndefined: false
       Property responseFileVariable: false
       Overriden option: -DnightlyEnabled
       Custom VM options that will be saved:
-DnightlyEnabled=true

       Variable changed: savedVmOptions={-DnightlyEnabled=, content=-DnightlyEnabled=true
}[class java.util.HashMap]
       Execute action successful after 2 ms
[INFO] com.install4j.runtime.beans.actions.control.SetVariableAction [ID 2401]: Execute action
       Property script: com.install4j.script.I4jScript_Internal_17
       Property variableName: mergedVmOptions
       Property rollbackSupported: false
       Property failIfNull: true
       Property onlyIfUndefined: false
       Property responseFileVariable: false
       Variable changed: mergedVmOptions=#
# This file contains VM parameters for Trader Workstation.
# Each parameter should be defined in a separate line and the
# last line must be followed by a line feed. No leading or
# trailing whitespaces are allowed in the same line, where a
# parameter is defined.
#
# Lines starting with a '#' character are treated as comments
# and ignored. Additionally, if a line contains a
# '### keep on update' string, all parameters defined below will
# be preserved on update.
#

# maximum Java heap size
-Xmx768m

# preferred channel for updates ("stable", "latest", "beta")
-Dchannel=latest

-Dinstaller.uuid=12be2157-d51c-4d06-a7ff-580d64e60cb2
-DvmOptionsPath=C:\Jts\tws.vmoptions
-Dsun.java2d.noddraw=true
-Dswing.boldMetal=false
-Dsun.locale.formatasdefault=true
-Djnlp.twslaunch.jars=jts4launch-957.jar;total-2015c.jar
-Djnlp.twslaunch.start=twslaunch-957.jar
-Djnlp.twslaunch.codebase=https://download2.interactivebrokers.com/installers/tws/latest

### keep on update
-DnightlyEnabled=true
[class java.lang.String]
       Execute action successful after 1 ms
[INFO] com.install4j.runtime.beans.screens.StartupScreen [ID 1]: command: move 1 screens, executing actions, checking condition
[INFO] com.install4j.runtime.beans.screens.InstallationScreen [ID 8]: Show screen
[INFO] com.install4j.runtime.beans.actions.control.RunScriptAction [ID 4301]: Execute action
       Property script: com.install4j.script.I4jScript_Internal_43
       Property rollbackSupported: false
       Property rollbackScript: null
       Attempting to delete 'C:\Jts\jars\log4j-api-2.5.jar'...
       Attempting to delete 'C:\Jts\jars\log4j-core-2.5.jar'...
       Attempting to delete 'C:\Jts\jars\twslaunch-install4j-1.7.jar'...
       Attempting to delete 'C:\Jts\jars\twslaunch.latest.jar'...
       Execute action successful after 3 ms
[INFO] com.install4j.runtime.beans.actions.InstallFilesAction [ID 9]: Execute action
       Property installRuntime: true
       Property checkFreeSpace: true
       Property sizeCalculatorScript: null
       Property saveDownloadedFiles: false
       Property updateBundledJre: true
       Property validateApplicationId: false
       Property showFileNames: true
       Property triggerReboot: true
       Property fileFilterScript: null
       Property delay: false
       Property directoryResolverScript: null
       Property rollbackSupported: true
       checking writable with unelevated
       checking writable with unelevated
       Install file: C:\Jts\.install4j\i4jdel.exe; size: 79904 bytes; exists: true
       File options set to: [fileTime: Mon Jul 25 17:04:54 CDT 2016, mode: 644, overwriteMode: Always ask except for update, shared: false, uninstallMode: If created, delayIfNecessary: false]
       Install file: C:\Jts\.install4j\i4jinst.dll; size: 134656 bytes; exists: true
       Install file: C:\Jts\.install4j\restarter.exe; size: 218864 bytes; exists: true
       File options set to: [fileTime: Mon Jul 25 17:04:54 CDT 2016, mode: 755, overwriteMode: Always, shared: false, uninstallMode: If created, delayIfNecessary: false]
       Install file: C:\Jts\.install4j\updater.exe; size: 329456 bytes; exists: true
       Install file: C:\Jts\jars\log4j-api-2.5.jar; size: 101150 bytes; exists: false
       File options set to: [fileTime: Mon Jul 25 17:04:54 CDT 2016, mode: 644, overwriteMode: Always, shared: false, uninstallMode: If created, delayIfNecessary: false]
       Install file: C:\Jts\jars\log4j-core-2.5.jar; size: 565368 bytes; exists: false
       Install file: C:\Jts\jars\twslaunch-957.jar; size: 958450 bytes; exists: false
       Install file: C:\Jts\jars\twslaunch-install4j-1.7.jar; size: 11293 bytes; exists: false
       Install file: C:\Jts\tws.exe; size: 971504 bytes; exists: true
       File options set to: [fileTime: Mon Jul 25 17:04:54 CDT 2016, mode: 755, overwriteMode: Always, shared: false, uninstallMode: If created, delayIfNecessary: false]
       Install file: C:\Jts\uninstall.exe; size: 329456 bytes; exists: true
       File options set to: [fileTime: Mon Jul 25 17:04:54 CDT 2016, mode: 700, overwriteMode: Always, shared: false, uninstallMode: If created, delayIfNecessary: false]
       Install file: C:\Jts\.install4j\inst_jre.cfg; size: 39 bytes; exists: true
       File options set to: [fileTime: Tue Jul 26 14:14:00 CDT 2016, mode: 644, overwriteMode: Always, shared: false, uninstallMode: If created, delayIfNecessary: false]
       Install file: C:\Jts\.install4j\i4jruntime.jar; size: 1951745 bytes; exists: true
       File options set to: [fileTime: Tue Jul 26 14:14:00 CDT 2016, mode: 644, overwriteMode: Always, shared: false, uninstallMode: Always, delayIfNecessary: false]
       Install file: C:\Jts\.install4j\MessagesDefault; size: 33540 bytes; exists: true
       Install file: C:\Jts\.install4j\i4jparams.conf; size: 146340 bytes; exists: true
       Install file: C:\Jts\.install4j\stats.properties; size: 283 bytes; exists: true
       Install file: C:\Jts\.install4j\user.jar; size: 58003 bytes; exists: true
       Install file: C:\Jts\.install4j\i4j_extf_0_1fkviev.utf8; size: 33540 bytes; exists: true
       Install file: C:\Jts\.install4j\i4j_extf_10_1fkviev.utf8; size: 33855 bytes; exists: true
       Install file: C:\Jts\.install4j\i4j_extf_11_1fkviev.properties; size: 791 bytes; exists: true
       Install file: C:\Jts\.install4j\i4j_extf_12_1fkviev.utf8; size: 32438 bytes; exists: true
       Install file: C:\Jts\.install4j\i4j_extf_13_1fkviev.properties; size: 872 bytes; exists: true
       Install file: C:\Jts\.install4j\i4j_extf_14_1fkviev.utf8; size: 32793 bytes; exists: true
       Install file: C:\Jts\.install4j\i4j_extf_15_1fkviev.utf8; size: 38922 bytes; exists: true
       Install file: C:\Jts\.install4j\i4j_extf_16_1fkviev.properties; size: 987 bytes; exists: true
       Install file: C:\Jts\.install4j\i4j_extf_17_1fkviev.utf8; size: 36090 bytes; exists: true
       Install file: C:\Jts\.install4j\i4j_extf_18_1fkviev.properties; size: 1021 bytes; exists: true
       Install file: C:\Jts\.install4j\i4j_extf_19_1fkviev.utf8; size: 48910 bytes; exists: true
       Install file: C:\Jts\.install4j\i4j_extf_1_1fkviev.properties; size: 1367 bytes; exists: true
       Install file: C:\Jts\.install4j\i4j_extf_20_1fkviev.utf8; size: 36821 bytes; exists: true
       Install file: C:\Jts\.install4j\i4j_extf_21_1fkviev.utf8; size: 34851 bytes; exists: true
       Install file: C:\Jts\.install4j\i4j_extf_22_1fkviev.properties; size: 935 bytes; exists: true
       Install file: C:\Jts\.install4j\i4j_extf_23_1fkviev.utf8; size: 44253 bytes; exists: true
       Install file: C:\Jts\.install4j\i4j_extf_24_1fkviev.properties; size: 2138 bytes; exists: true
       Install file: C:\Jts\.install4j\i4j_extf_25_1fkviev.utf8; size: 38563 bytes; exists: true
       Install file: C:\Jts\.install4j\i4j_extf_26_1fkviev.utf8; size: 34684 bytes; exists: true
       Install file: C:\Jts\.install4j\i4j_extf_27_1fkviev.properties; size: 926 bytes; exists: true
       Install file: C:\Jts\.install4j\i4j_extf_28_1fkviev.utf8; size: 32409 bytes; exists: true
       Install file: C:\Jts\.install4j\i4j_extf_29_1fkviev.utf8; size: 34747 bytes; exists: true
       Install file: C:\Jts\.install4j\i4j_extf_2_1fkviev.utf8; size: 28349 bytes; exists: true
       Install file: C:\Jts\.install4j\i4j_extf_30_1fkviev.utf8; size: 37646 bytes; exists: true
       Install file: C:\Jts\.install4j\i4j_extf_31_1fkviev.utf8; size: 34568 bytes; exists: true
       Install file: C:\Jts\.install4j\i4j_extf_32_1fkviev.utf8; size: 37409 bytes; exists: true
       Install file: C:\Jts\.install4j\i4j_extf_33_1fkviev.utf8; size: 53101 bytes; exists: true
       Install file: C:\Jts\.install4j\i4j_extf_34_1fkviev.properties; size: 3187 bytes; exists: true
       Install file: C:\Jts\.install4j\i4j_extf_35_1fkviev.utf8; size: 36293 bytes; exists: true
       Install file: C:\Jts\.install4j\i4j_extf_36_1fkviev.properties; size: 930 bytes; exists: true
       Install file: C:\Jts\.install4j\i4j_extf_37_1fkviev.utf8; size: 31908 bytes; exists: true
       Install file: C:\Jts\.install4j\i4j_extf_38_1fkviev.utf8; size: 37541 bytes; exists: true
       Install file: C:\Jts\.install4j\i4j_extf_39_1fkviev_183t6p0.png; size: 5413 bytes; exists: true
       Install file: C:\Jts\.install4j\i4j_extf_3_1fkviev.properties; size: 1034 bytes; exists: true
       Install file: C:\Jts\.install4j\i4j_extf_40_1fkviev_1tf2ja9.png; size: 27099 bytes; exists: true
       Install file: C:\Jts\.install4j\i4j_extf_41_1fkviev_185ps4f.ico; size: 146982 bytes; exists: true
       Install file: C:\Jts\.install4j\i4j_extf_42_1fkviev_cwz6mn.png; size: 1028 bytes; exists: true
       Install file: C:\Jts\.install4j\i4j_extf_43_1fkviev_1sxzjn7.png; size: 2565 bytes; exists: true
       Install file: C:\Jts\.install4j\i4j_extf_44_1fkviev_1qp61c0.png; size: 4831 bytes; exists: true
       Install file: C:\Jts\.install4j\i4j_extf_45_1fkviev_m2fwyn.png; size: 19672 bytes; exists: true
       Install file: C:\Jts\.install4j\i4j_extf_46_1fkviev_1wjq2n5.png; size: 45902 bytes; exists: true
       Install file: C:\Jts\.install4j\i4j_extf_4_1fkviev.utf8; size: 27656 bytes; exists: true
       Install file: C:\Jts\.install4j\i4j_extf_5_1fkviev.properties; size: 1034 bytes; exists: true
       Install file: C:\Jts\.install4j\i4j_extf_6_1fkviev.utf8; size: 34552 bytes; exists: true
       Install file: C:\Jts\.install4j\i4j_extf_7_1fkviev.utf8; size: 33733 bytes; exists: true
       Install file: C:\Jts\.install4j\i4j_extf_8_1fkviev.properties; size: 1202 bytes; exists: true
       Install file: C:\Jts\.install4j\i4j_extf_9_1fkviev.utf8; size: 32117 bytes; exists: true
       Install file: C:\Jts\.install4j\installer.ico; size: 15749 bytes; exists: true
       Execute action successful after 3120 ms
[INFO] com.install4j.runtime.beans.actions.text.WriteTextFileAction [ID 2307]: Execute action
       Property encoding: 
       Property escaped: false
       Property text: #
# This file contains VM parameters for Trader Workstation.
# Each parameter should be defined in a separate line and the
# last line must be followed by a line feed. No leading or
# trailing whitespaces are allowed in the same line, where a
# parameter is defined.
#
# Lines starting with a '#' character are treated as comments
# and ignored. Additionally, if a line contains a
# '### keep on update' string, all parameters defined below will
# be preserved on update.
#

# maximum Java heap size
-Xmx768m

# preferred channel for updates ("stable", "latest", "beta")
-Dchannel=latest

-Dinstaller.uuid=12be2157-d51c-4d06-a7ff-580d64e60cb2
-DvmOptionsPath=C:\Jts\tws.vmoptions
-Dsun.java2d.noddraw=true
-Dswing.boldMetal=false
-Dsun.locale.formatasdefault=true
-Djnlp.twslaunch.jars=jts4launch-957.jar;total-2015c.jar
-Djnlp.twslaunch.start=twslaunch-957.jar
-Djnlp.twslaunch.codebase=https://download2.interactivebrokers.com/installers/tws/latest

### keep on update
-DnightlyEnabled=true

       Property logText: true
       Property append: false
       Property file: C:\Jts\tws.vmoptions
       Property rollbackSupported: true
       Backing up C:\Jts\tws.vmoptions
       Execute action successful after 5 ms
[INFO] com.install4j.runtime.beans.actions.desktop.CreateProgramGroupAction [ID 10]: Execute action
       Property uninstallerMenuName: Trader Workstation Uninstaller
       Property programGroupName: Trader Workstation
       Property unixMenuEntries: true
       Property addDefaultLauncherLinks: true
       Property programGroupEntryConfigs: []
       Property failForSymlinksNotCreated: false
       Property addUninstaller: true
       Property categories: Application
       Property allUsers: true
       Property linkDirectory: /usr/local/bin
       Property unixSymlinks: true
       Property rollbackSupported: true
       Install file: C:\Users\tacdev\AppData\Roaming\Microsoft\Windows\Start Menu\Programs\Trader Workstation\Trader Workstation.lnk; size: 1406 bytes; exists: true
       File options set to: [fileTime: Tue Jul 26 14:14:00 CDT 2016, mode: 644, overwriteMode: Always, shared: false, uninstallMode: Always, delayIfNecessary: false]
       Install file: C:\Users\tacdev\AppData\Roaming\Microsoft\Windows\Start Menu\Programs\Trader Workstation\Trader Workstation Uninstaller.lnk; size: 1454 bytes; exists: true
       File options set to: [fileTime: Tue Jul 26 14:14:00 CDT 2016, mode: 644, overwriteMode: Always, shared: false, uninstallMode: Always, delayIfNecessary: false]
       Execute action successful after 91 ms
[INFO] com.install4j.runtime.beans.actions.desktop.RegisterAddRemoveAction [ID 11]: Execute action
       Property icon: i4j_extf_41_1fkviev_185ps4f.ico
       Property itemName: Trader Workstation
       Property iconSource: Custom icon
       Property persistentProperties: {}
       Property rollbackSupported: true
       Could not set app version: For input string: "latest (957"
       Execute action successful after 21 ms
[INFO] com.install4j.runtime.beans.actions.desktop.CreateDesktopLinkAction [ID 54]: Execute action
       Property name: Trader Workstation
       Property file: tws
       Property description: Trader Workstation
       Property arguments: 
       Property runAsAdministrator: false
       Property macSingleBundleTarget: false
       Property allUsers: true
       Property startIn: null
       Property winIconFile: null
       Property rollbackSupported: true
       Install file: C:\Users\tacdev\Desktop\Trader Workstation.lnk; size: 1444 bytes; exists: true
       File options set to: [fileTime: Tue Jul 26 14:14:00 CDT 2016, mode: 644, overwriteMode: Always, shared: false, uninstallMode: Always, delayIfNecessary: false]
       Execute action successful after 26 ms
[INFO] com.install4j.runtime.beans.actions.control.RunScriptAction [ID 1569]: Execute action
       Property script: com.install4j.script.I4jScript_Internal_48
       Property rollbackSupported: false
       Property rollbackScript: null
       Creating a registry key [root: HKEY_CURRENT_USER, keyName: SOFTWARE\Classes\.twsdemo]...
       Setting a registry value [root: HKEY_CURRENT_USER, keyName: SOFTWARE\Classes\.twsdemo, valueName: , value: tws]...
       Setting a registry value [root: HKEY_CURRENT_USER, keyName: SOFTWARE\Classes\.twsdemo, valueName: Content Type, value: application/x-ibllc-twsdemo]...
       Creating a registry key [root: HKEY_CURRENT_USER, keyName: SOFTWARE\Classes\tws]...
       Setting a registry value [root: HKEY_CURRENT_USER, keyName: SOFTWARE\Classes\tws, valueName: , value: Trader Workstation Launch File]...
       Creating a registry key [root: HKEY_CURRENT_USER, keyName: SOFTWARE\Classes\tws\shell]...
       Creating a registry key [root: HKEY_CURRENT_USER, keyName: SOFTWARE\Classes\tws\shell\open]...
       Creating a registry key [root: HKEY_CURRENT_USER, keyName: SOFTWARE\Classes\tws\shell\open\command]...
       Setting a registry value [root: HKEY_CURRENT_USER, keyName: SOFTWARE\Classes\tws\shell\open\command, valueName: , value: "C:\Jts\tws.exe" "%1"]...
       Creating a registry key [root: HKEY_CURRENT_USER, keyName: SOFTWARE\Classes\MIME\Database\Content Type\application/x-ibllc-twsdemo]...
       Setting a registry value [root: HKEY_CURRENT_USER, keyName: SOFTWARE\Classes\MIME\Database\Content Type\application/x-ibllc-twsdemo, valueName: Extension, value: .twsdemo]...
       Execute action successful after 3 ms
[INFO] com.install4j.runtime.beans.actions.text.WriteTextFileAction [ID 2244]: Execute action
       Property encoding: 
       Property escaped: true
       Property text: .
       Property logText: true
       Property append: false
       Property file: C:\Jts\.install4j\.installSuccess
       Property rollbackSupported: true
       Backing up C:\Jts\.install4j\.installSuccess
       Execute action successful after 2 ms
[INFO] com.install4j.runtime.beans.actions.control.SetVariableAction [ID 3770]: Execute action
       Property script: com.install4j.script.I4jScript_Internal_50
       Property variableName: launcherArgs
       Property rollbackSupported: false
       Property failIfNull: true
       Property onlyIfUndefined: false
       Property responseFileVariable: false
       Variable changed: launcherArgs=[-J-DskipUpdateCheck=true][class [Ljava.lang.String;]
       Execute action successful after 1 ms
[INFO] com.install4j.runtime.beans.actions.finish.ExecuteLauncherAction [ID 1683]: Execute action
       Property arguments: [-J-DskipUpdateCheck=true]
       Property rollbackSupported: false
       Property launcherId: 22
       execute using batch file
       Execute action successful after 527 ms
[INFO] com.install4j.runtime.beans.screens.InstallationScreen [ID 8]: Rollback barrier reached
       command: move 1 screens, executing actions, checking condition
[INFO] cleaning up
[INFO] Finished
