2016-07-27 07:48:22.449 [CC] INFO  [JTS-Main] - ------------------------------- TWS RESTART --------------------------------
2016-07-27 07:48:22.488 [CC] INFO  [JTS-Main] - Jts dir is C:\Jts\
2016-07-27 07:48:22.522 [CC] INFO  [JTS-Main] - PROXY Installed custom selector
2016-07-27 07:48:22.553 [CC] INFO  [JTS-Main] - SSL support status for gdc1.ibllc.com:4000 is true
2016-07-27 07:48:22.561 [CC] INFO  [JTS-Main] - LOCALE: Property locale_to_use=null
2016-07-27 07:48:22.570 [CC] INFO  [JTS-Main] - LOCALE: JTS Locale=en_US  country=United States  variant=
2016-07-27 07:48:22.570 [CC] INFO  [JTS-Main] - Region: from ini us -> America
2016-07-27 07:48:22.570 [CC] INFO  [JTS-Main] - LOCALE: Property locale_to_use=null
2016-07-27 07:48:22.570 [CC] INFO  [JTS-Main] - LOCALE: JTS Locale=en_US  country=United States  variant=
2016-07-27 07:48:22.570 [CC] INFO  [JTS-Main] - Region:America
2016-07-27 07:48:22.571 [CC] INFO  [JTS-Main] - WebRegionURL Path:/java/classes/locales.jar URL:http://www.interactivebrokers.com/java/classes/locales.jar
2016-07-27 07:48:22.572 [CC] INFO  [JTS-Main] - Starting to download 'http://download2.interactivebrokers.com/java/classes/locales.jar' using HotBackup 'http://download2.interactivebrokers.com/java/classes/locales.jar'
2016-07-27 07:48:22.711 [CC] INFO  [JTS-Main] - LOCALE: needToUpdate  dest=C:\Jts\locales.jar  sourceMod=2016-05-23 08:03:52  destMod=2016-05-23 08:03:52  sourceSize=97283  destSize=97283  conditions=[NEWER_REMOTE, LOCAL_IN_FUTURE, SIZE_DIFFERS]  download=false
2016-07-27 07:48:22.711 [CC] INFO  [JTS-Main] - LOCALE: C:\Jts\locales.jar already up-to-date
2016-07-27 07:48:22.952 [CC] INFO  [JTS-Main] - LOCALE: loaded 9 supported locales
2016-07-27 07:48:23.021 [CC] INFO  [JTS-Main] - LOCALE: loaded 8 countries
2016-07-27 07:48:23.031 [CC] INFO  [JTS-Main] - Locale from ini: en
2016-07-27 07:48:23.031 [CC] INFO  [JTS-Main] - LOCALE: created classloader java.net.URLClassLoader@52a00 with file:/C:/Jts/locales.jar, parent: sun.misc.Launcher$AppClassLoader@4c12b6
2016-07-27 07:48:23.031 [CC] INFO  [JTS-Main] - LOCALE: Property locale_to_use=en
2016-07-27 07:48:23.032 [CC] INFO  [JTS-Main] - LOCALE: JTS Locale=en_US  country=United States  variant=
2016-07-27 07:48:23.032 [CC] INFO  [JTS-Main] - Locale=en_US  country=United States  variant=
2016-07-27 07:48:23.044 [CC] INFO  [JTS-Main] - prohibiting class lookup [twslaunch.ji18n.LauncherLanguage]
2016-07-27 07:48:23.046 [CC] INFO  [JTS-Main] - prohibiting class lookup [twslaunch.ji18n.LauncherLanguage_en]
2016-07-27 07:48:23.048 [CC] INFO  [JTS-Main] - prohibiting class lookup [twslaunch.ji18n.LauncherLanguage_en_US]
2016-07-27 07:48:23.048 [CC] INFO  [JTS-Main] - LOCALE: type: launcher intended: en_US actual:  size: 319
2016-07-27 07:48:23.126 [CC] INFO  [JTS-Main] - TWS installer version: 1.75-SNAPSHOT
2016-07-27 07:48:23.127 [CC] INFO  [JTS-Main] - TWS installer type: updatable
2016-07-27 07:48:23.130 [CC] INFO  [AWT-EventQueue-0] - LauncherFontUpdater: simulatehighdefscreen=false
2016-07-27 07:48:23.130 [CC] INFO  [AWT-EventQueue-0] - LauncherFontUpdater: Screen dimensions=1280x1024
2016-07-27 07:48:23.130 [CC] INFO  [AWT-EventQueue-0] - LauncherFontUpdater: highres=false
2016-07-27 07:48:23.131 [CC] INFO  [AWT-EventQueue-0] - LauncherFontUpdater: FontSize=0
2016-07-27 07:48:23.153 [CC] INFO  [AWT-EventQueue-0] - LauncherJtsLookAndFeel initialized
2016-07-27 07:48:23.245 [CC] INFO  [AWT-EventQueue-0] - twslaunch.autoupdate.serviceImpl: com.ib.tws.twslaunch.install4j.Install4jAutoUpdateService
2016-07-27 07:48:23.247 [CC] INFO  [AWT-EventQueue-0] - updateDownloadUrl: https://download2.interactivebrokers.com/installers/tws/latest
2016-07-27 07:48:23.247 [CC] INFO  [AWT-EventQueue-0] - skipUpdateCheck: null
2016-07-27 07:48:23.247 [CC] INFO  [AWT-EventQueue-0] - nightlyEnabled: true
2016-07-27 07:48:23.247 [CC] INFO  [AWT-EventQueue-0] - channelNameArg: null
2016-07-27 07:48:23.248 [CC] INFO  [AWT-EventQueue-0] - channelName: latest
2016-07-27 07:48:23.248 [CC] INFO  [AWT-EventQueue-0] - jtsConfigDir: null
2016-07-27 07:48:23.248 [CC] INFO  [AWT-EventQueue-0] - sessionId: not set
2016-07-27 07:48:23.248 [CC] INFO  [AWT-EventQueue-0] - installDir: C:\Jts\
2016-07-27 07:48:23.248 [CC] INFO  [AWT-EventQueue-0] - exeName: tws
2016-07-27 07:48:23.259 [CC] INFO  [AWT-EventQueue-0] - Checking for update [channel: LATEST, customJtsConfigDir: null]...
2016-07-27 07:48:23.259 [CC] INFO  [AWT-EventQueue-0] - Resolved a proxy for accessing 'https://download2.interactivebrokers.com/installers/tws/latest': 192.9.168.225:3128
2016-07-27 07:48:26.652 [CC] INFO  [JTS-Main] - Codebase for jars: https://download2.interactivebrokers.com/installers/tws/latest
2016-07-27 07:48:27.181 [CC] INFO  [JTS-Main] - Connect and request MiscUrls
2016-07-27 07:48:27.185 [CC] INFO  [JTS-MiscUlrsRequester-1] - Connecting gdc1.ibllc.com:4000 timeout=0
2016-07-27 07:48:27.285 [CC] INFO  [JTS-MiscUlrsRequester-1] - Connected to gdc1.ibllc.com:4000 on local port 0 socket local addrs:port /192.9.169.104:61095
2016-07-27 07:48:27.301 [CC] INFO  [JTS-MiscUlrsRequester-1] - Resolving mac address
2016-07-27 07:48:27.409 [CC] INFO  [JTS-MiscUlrsRequester-1] - MACNetworkInfo created <35f32e94|34:17:EB:B4:8C:62|192.9.169.104>
2016-07-27 07:48:27.412 [CC] INFO  [JTS-MISC URLsListenerS1-2] - Starting Listener thread
2016-07-27 07:48:27.450 [CC] INFO  [JTS-MiscUlrsRequester-1] - Sending MiscUrls request
2016-07-27 07:48:27.451 [CC] INFO  [JTS-AuthDispatcherS1-3] - Starting dispatcher
2016-07-27 07:48:27.454 [CC] INFO  [JTS-MiscUlrsRequester-1] - LOGIN_TIME_MONITOR	 false 07:48:27:454 since start = 0 thread delay = 1 global delay = 0 tag=null, cls=AuthDispatcher method=send
2016-07-27 07:48:27.455 [CC] INFO  [JTS-AuthResponseMonitor-4] - Starting auth response monitor thread
2016-07-27 07:48:27.456 [CC] INFO  [JTS-MISC URLsListenerS1-2] - Initial listener buffer size is 8192
2016-07-27 07:48:27.481 [CC] INFO  [JTS-AuthDispatcherS1-3] - Received NS_MISC_URLS
2016-07-27 07:48:27.483 [CC] INFO  [JTS-AuthDispatcherS1-3] - Received URLs ='{alpine_help=http://www.interactivebrokers.com/en/general/alpineHelp.php, ib_system_status=http://status.interactivebrokers.net/cgi-bin/bb_status.pl, customer_service=http://www.interactivebrokers.com/en/p.php?f=customerService&ib_entity=llc, wbdemo=direct, java_upgrade_howto=http://www.interactivebrokers.com/en/software/downloadPlugin.php?ib_entity=llc, demo=email, ssl=1, pass_change_ib=https://gdcdyn.interactivebrokers.com/sso/Login?service=AM.LOGIN&MSG=PWD, paper_account_creation=https://gdcdyn.interactivebrokers.com/sso/Login, pass_reset=https://gdcdyn.interactivebrokers.com/Universal/servlet/AccountAccess.PasswordReset, bingo_help=http://www.interactivebrokers.com/en/general/bingoHelp.php, gold_help=http://www.interactivebrokers.com/en/general/goldHelp.php, s3store=1}'
2016-07-27 07:48:27.491 [CC] INFO  [AWT-EventQueue-0] - OvernightManager.dayInit: new values: dayOfTheWeek: 4 (Wed), YYYYMMofToday: 201607, YYYYMMDDofToday: 20160727, m_todayDate: 20160727, dueToChangeInTimezone: false
2016-07-27 07:48:27.493 [CC] INFO  [JTS-AuthDispatcherS1-3] - Disconnecting gdc1.ibllc.com:4000 with status DISCONNECT_BY_DESIGN
2016-07-27 07:48:27.495 [CC] INFO  [JTS-AuthDispatcherS1-3] - Terminating dispatcher
2016-07-27 07:48:27.496 [CC] INFO  [JTS-AuthResponseMonitor-4] - Terminating auth response monitor thread
2016-07-27 07:48:27.504 [CC] INFO  [JTS-MISC URLsListenerS1-2] - Socket for connection gdc1.ibllc.com:4000 was closed by another thread
2016-07-27 07:48:27.504 [CC] INFO  [JTS-MISC URLsListenerS1-2] - Terminating Listener thread
2016-07-27 07:48:27.945 [CC] INFO  [AWT-EventQueue-0] - Started on 20160727-12:48:27
2016-07-27 07:48:27.947 [CC] INFO  [AWT-EventQueue-0] - Default timezone:America/Chicago name:Central Standard Time dst:3600000
2016-07-27 07:48:27.948 [CC] INFO  [AWT-EventQueue-0] - java version = 1.8.0_60
2016-07-27 07:48:27.948 [CC] INFO  [AWT-EventQueue-0] - sun.arch.data.model = 32
2016-07-27 07:48:27.948 [CC] INFO  [AWT-EventQueue-0] - os = Windows 7
2016-07-27 07:48:27.948 [CC] INFO  [AWT-EventQueue-0] - runtime = Java(TM) SE Runtime Environment
2016-07-27 07:48:27.948 [CC] INFO  [AWT-EventQueue-0] - vendor = Oracle Corporation
2016-07-27 07:48:27.948 [CC] INFO  [AWT-EventQueue-0] - vm name = Java HotSpot(TM) Client VM
2016-07-27 07:48:27.948 [CC] INFO  [AWT-EventQueue-0] - username = 'tacdev'
2016-07-27 07:48:28.130 [CC] INFO  [AWT-EventQueue-0] - Basic init done. Login window shown
2016-07-27 07:48:28.131 [CC] INFO  [JTS-Main] - Hard linking is not enabled in standalone mode
2016-07-27 07:48:28.131 [CC] INFO  [JTS-Main] - Launcher created @ 20160725-12:26:50
2016-07-27 07:48:31.208 [CC] INFO  [AWT-EventQueue-0] - username = dyizsoxdm
2016-07-27 07:48:31.210 [CC] INFO  [AWT-EventQueue-0] - Setting dir is C:\Jts\
2016-07-27 07:48:31.216 [CC] INFO  [AWT-EventQueue-0] - PROXY Cleared HTTP proxy: no valid proxy is present (passing on :0)
2016-07-27 07:48:31.283 [CC] INFO  [AWT-EventQueue-0] - host = gdc1.ibllc.com
2016-07-27 07:48:31.283 [CC] INFO  [AWT-EventQueue-0] - remotePort = 4001
2016-07-27 07:48:31.283 [CC] INFO  [AWT-EventQueue-0] - localPort = 0
2016-07-27 07:48:31.288 [CC] INFO  [AWT-EventQueue-0] - SPLASH Creating screen with 8 steps
2016-07-27 07:48:31.400 [CC] INFO  [AWT-EventQueue-0] - mapProdToPaper: resetSimulatedTradingModeSelectedFlag: old=false new=true
2016-07-27 07:48:31.400 [CC] INFO  [AWT-EventQueue-0] - CONN CALC: Last connection attempt time is cleared!
2016-07-27 07:48:31.400 [CC] INFO  [AWT-EventQueue-0] - CONN CALC: Last connection set as now:07:48:31:400
2016-07-27 07:48:31.400 [CC] INFO  [AWT-EventQueue-0] - Prelogin delay:0
2016-07-27 07:48:31.402 [CC] INFO  [JTS-Login-8] - Starting launcher login thread
2016-07-27 07:48:31.403 [CC] INFO  [JTS-Login-8] - SPLASH Connecting to server
2016-07-27 07:48:31.404 [CC] INFO  [AWT-EventQueue-0] - Network monitor is activated
2016-07-27 07:48:31.404 [CC] INFO  [JTS-Login-8] - Connecting gdc1.ibllc.com:4001 (SSL) timeout=20000
2016-07-27 07:48:31.431 [CC] INFO  [JTS-Login-8] - Connected to gdc1.ibllc.com:4001 (SSL) on local port 0 socket local addrs:port /192.9.169.104:61096
2016-07-27 07:48:31.431 [CC] INFO  [JTS-Login-8] - Changing state for connection from PRELOGON to PRELOGON in y 15863918: SessionSocket:2
2016-07-27 07:48:31.431 [CC] INFO  [JTS-Login-8] - Authenticating
2016-07-27 07:48:31.432 [CC] INFO  [JTS-Login-8] - AuthTimeoutMonitor: deactivate
2016-07-27 07:48:31.432 [CC] INFO  [JTS-Login-8] - AuthTimeoutMonitor: timeout=20000
2016-07-27 07:48:31.432 [CC] INFO  [JTS-CCPListenerS2-10] - Starting Listener thread
2016-07-27 07:48:31.433 [CC] INFO  [JTS-Login-8] - AuthTimeoutMonitor: activate
2016-07-27 07:48:31.433 [CC] INFO  [JTS-AuthTimeoutMonitorThread-12] - Starting auth timeout monitor thread
2016-07-27 07:48:31.433 [CC] INFO  [JTS-Login-8] - SPLASH -0001 step 1 AuthDispatcher.connect
2016-07-27 07:48:31.435 [CC] INFO  [JTS-Login-8] - Sending connect request
2016-07-27 07:48:31.435 [CC] INFO  [JTS-AuthDispatcherS2-11] - Starting dispatcher
2016-07-27 07:48:31.436 [CC] INFO  [JTS-Login-8] - mapProdToPaper: In NSConnectRequest: sending PAPER_CONNECT=0x2000
2016-07-27 07:48:31.770 [CC] INFO  [JTS-Login-8] - SPLASH Authenticating
2016-07-27 07:48:31.772 [CC] INFO  [JTS-CCPListenerS2-10] - Initial listener buffer size is 8192
2016-07-27 07:48:31.774 [CC] INFO  [JTS-Login-8] - Terminating launcher login thread
2016-07-27 07:48:31.793 [CC] INFO  [JTS-AuthDispatcherS2-11] - SPLASH 0359 step 2 AuthDispatcher.processDataItr
2016-07-27 07:48:31.796 [CC] INFO  [JTS-AuthDispatcherS2-11] - Received NS_AUTH_START: 1
2016-07-27 07:48:31.796 [CC] INFO  [JTS-AuthDispatcherS2-11] - pwd time to expiry ms: 2632752686000 days: 30472
2016-07-27 07:48:31.796 [CC] INFO  [JTS-AuthDispatcherS2-11] - Long pwd allowed : false
2016-07-27 07:48:31.797 [CC] INFO  [JTS-AuthDispatcherS2-11] -  NS_AUTH_START version=26 pwd=1 soft=0 token=0 tokenSubtype=0 initialTokenType=PWD authenticationType=MARKET_DATA_CONNECTION identityHashcode=32979114
2016-07-27 07:48:31.799 [CC] INFO  [JTS-AuthDispatcherS2-11] - Starting password Authentication
2016-07-27 07:48:31.799 [CC] INFO  [JTS-AuthDispatcherS2-11] - sendXYZMessage: 777
2016-07-27 07:48:31.825 [CC] INFO  [JTS-AuthDispatcherS2-11] - Receiver: 777
2016-07-27 07:48:31.825 [CC] INFO  [JTS-AuthDispatcherS2-11] - processXYZMessage: 777 protocol version: 26
2016-07-27 07:48:31.825 [CC] INFO  [JTS-AuthDispatcherS2-11] - Received AUTH_PARAMS
2016-07-27 07:48:31.826 [CC] INFO  [JTS-AuthDispatcherS2-11] - sendXYZMessage: 777
2016-07-27 07:48:31.909 [CC] INFO  [JTS-AuthDispatcherS2-11] - Receiver: 777
2016-07-27 07:48:31.909 [CC] INFO  [JTS-AuthDispatcherS2-11] - processXYZMessage: 777 protocol version: 26
2016-07-27 07:48:31.909 [CC] INFO  [JTS-AuthDispatcherS2-11] - Received SERVER_PARAMS
2016-07-27 07:48:31.914 [CC] INFO  [JTS-AuthDispatcherS2-11] - Session Token received in AuthenticationMessageXYZ: ca90abaf54f0649dff00e7e0c887ba7558e39d89  messageId=SERVER_KEY (4)
2016-07-27 07:48:31.927 [CC] INFO  [JTS-AuthDispatcherS2-11] - sendXYZMessage: 777
2016-07-27 07:48:32.011 [CC] INFO  [JTS-AuthDispatcherS2-11] - SPLASH 0219 step 2 AuthDispatcher.processDataItr
2016-07-27 07:48:32.012 [CC] INFO  [JTS-AuthDispatcherS2-11] - Receiver: 777
2016-07-27 07:48:32.012 [CC] INFO  [JTS-AuthDispatcherS2-11] - processXYZMessage: 777 protocol version: 26
2016-07-27 07:48:32.012 [CC] INFO  [JTS-AuthDispatcherS2-11] - Received AUTH_RESULT
2016-07-27 07:48:32.012 [CC] INFO  [JTS-AuthDispatcherS2-11] - Passed pwd authentication.
2016-07-27 07:48:32.012 [CC] INFO  [JTS-AuthDispatcherS2-11] - Authentication completed.
2016-07-27 07:48:32.012 [CC] INFO  [JTS-AuthDispatcherS2-11] - setting session token in AuthenticationHandler: authenticationType=MARKET_DATA_CONNECTION hashCode=32979114 new=ca90abaf54f0649dff00e7e0c887ba7558e39d89 old=NULL ctciOld=NULL
2016-07-27 07:48:32.211 [CC] INFO  [JTS-AuthDispatcherS2-11] - SPLASH 0200 step 2 AuthDispatcher.processDataItr
2016-07-27 07:48:32.211 [CC] INFO  [JTS-AuthDispatcherS2-11] - Received NS_CONNECT_RESPONSE
2016-07-27 07:48:32.211 [CC] INFO  [JTS-AuthDispatcherS2-11] - Log encryption support is disabled [logKeyId: ].
2016-07-27 07:48:32.213 [CC] INFO  [JTS-AuthDispatcherS2-11] - Competition detected: from IP=65.207.192.98 logged at=Wed Jul 27 07:07:41 CDT 2016
2016-07-27 07:48:32.215 [CC] INFO  [JTS-AuthDispatcherS2-11] - CONN CALC: Last connection attempt time is cleared!
2016-07-27 07:48:32.215 [CC] INFO  [JTS-AuthDispatcherS2-11] - AuthTimeoutMonitor: pause
2016-07-27 07:48:32.221 [CC] INFO  [AWT-EventQueue-0] - Competition ip: 65.207.192.98
2016-07-27 07:48:33.263 [CC] INFO  [AWT-EventQueue-0] - Competing selection: disconnect another session
2016-07-27 07:48:33.263 [CC] INFO  [AWT-EventQueue-0] - Reconnection time cleared: argClearBackoff=true base=0 range=5000 next=0 disconnected=0
2016-07-27 07:48:33.263 [CC] INFO  [AWT-EventQueue-0] - Continue logon
2016-07-27 07:48:33.263 [CC] INFO  [AWT-EventQueue-0] - AuthTimeoutMonitor: resume, idleTime=1048
2016-07-27 07:48:33.266 [CC] INFO  [JTS-NewCommPort-18] - SPLASH 1055 step 3 AuthDispatcher.send
2016-07-27 07:48:33.288 [CC] INFO  [JTS-AuthDispatcherS2-11] - Received NS_FIX_START
2016-07-27 07:48:33.291 [CC] INFO  [JTS-AuthDispatcherS2-11] - Terminating dispatcher
2016-07-27 07:48:33.292 [CC] INFO  [JTS-PostAuthenticateS2-19] - AuthTimeoutMonitor: deactivate
2016-07-27 07:48:33.293 [CC] INFO  [JTS-AuthTimeoutMonitorThread-12] - Terminating auth timeout monitor thread
2016-07-27 07:48:33.293 [CC] INFO  [JTS-PostAuthenticateS2-19] - Authentication complete
2016-07-27 07:48:33.482 [CC] INFO  [AWT-EventQueue-0] - Build 957.3b, Jul 25, 2016 12:24:41 PM
2016-07-27 07:48:33.710 [CC] INFO  [AWT-EventQueue-0] - LauncherJtsLookAndFeel uninitialized
2016-07-27 07:48:33.797 [CC] INFO  [AWT-EventQueue-0] - LookAndFeelChangedListener installed
2016-07-27 07:48:33.876 [CC] INFO  [AWT-EventQueue-0] - JtsLookAndFeel initialized
2016-07-27 07:48:34.111 [CC] INFO  [JTS-PostAuthenticateS2-19] - prohibiting class lookup [org.jfree.chart.LocalizationBundle]
2016-07-27 07:48:34.193 [CC] INFO  [JTS-PostAuthenticateS2-19] - prohibiting class lookup [org.jfree.chart.LocalizationBundle_en]
2016-07-27 07:48:34.193 [CC] INFO  [JTS-PostAuthenticateS2-19] - prohibiting resource lookup [org/jfree/chart/LocalizationBundle_en.properties]
2016-07-27 07:48:34.193 [CC] INFO  [JTS-PostAuthenticateS2-19] - prohibiting class lookup [org.jfree.chart.LocalizationBundle_en_US]
2016-07-27 07:48:34.193 [CC] INFO  [JTS-PostAuthenticateS2-19] - prohibiting resource lookup [org/jfree/chart/LocalizationBundle_en_US.properties]
2016-07-27 07:48:34.193 [CC] INFO  [JTS-PostAuthenticateS2-19] - prohibiting class lookup [org.jfree.chart.plot.LocalizationBundle]
2016-07-27 07:48:34.194 [CC] INFO  [JTS-PostAuthenticateS2-19] - prohibiting class lookup [org.jfree.chart.plot.LocalizationBundle_en]
2016-07-27 07:48:34.194 [CC] INFO  [JTS-PostAuthenticateS2-19] - prohibiting resource lookup [org/jfree/chart/plot/LocalizationBundle_en.properties]
2016-07-27 07:48:34.194 [CC] INFO  [JTS-PostAuthenticateS2-19] - prohibiting class lookup [org.jfree.chart.plot.LocalizationBundle_en_US]
2016-07-27 07:48:34.194 [CC] INFO  [JTS-PostAuthenticateS2-19] - prohibiting resource lookup [org/jfree/chart/plot/LocalizationBundle_en_US.properties]
2016-07-27 07:48:34.342 [CC] INFO  [AWT-EventQueue-0] - Current LAF: TWS LAF
2016-07-27 07:48:34.571 [CC] INFO  [JTS-PostAuthenticateS2-19] - jfreechart version =1.0.8
2016-07-27 07:48:34.571 [CC] INFO  [JTS-PostAuthenticateS2-19] - jcommon version =1.0.12
2016-07-27 07:48:34.572 [CC] INFO  [JTS-PostAuthenticateS2-19] - JDOMFactory Class =interface org.jdom.JDOMFactory
2016-07-27 07:48:34.646 [CC] INFO  [JTS-PostAuthenticateS2-19] - hsqldb jdbc =class org.hsqldb.jdbcDriver 2.2
2016-07-27 07:48:34.685 [CC] INFO  [JTS-PostAuthenticateS2-19] - Changing state for connection from PRELOGON to PRELOGON in y 15863918: SessionSocket:2
2016-07-27 07:48:34.685 [CC] INFO  [JTS-PostAuthenticateS2-19] - Switching to a new log 'C:\Jts\dyizsoxdm\tws.log'...
2016-07-27 07:50:48.689 [IS] INFO  [JTS-Main] - ------------------------------- TWS RESTART --------------------------------
2016-07-27 07:50:48.691 [IS] INFO  [JTS-Main] - Jts dir is C:\Jts\
2016-07-27 07:50:48.695 [IS] INFO  [JTS-Main] - PROXY Installed custom selector
2016-07-27 07:50:48.703 [IS] INFO  [JTS-Main] - SSL support status for gdc1.ibllc.com:4000 is true
2016-07-27 07:50:48.707 [IS] INFO  [JTS-Main] - LOCALE: Property locale_to_use=null
2016-07-27 07:50:48.709 [IS] INFO  [JTS-Main] - LOCALE: JTS Locale=en_US  country=United States  variant=
2016-07-27 07:50:48.709 [IS] INFO  [JTS-Main] - Region: from ini us -> America
2016-07-27 07:50:48.710 [IS] INFO  [JTS-Main] - LOCALE: Property locale_to_use=null
2016-07-27 07:50:48.710 [IS] INFO  [JTS-Main] - LOCALE: JTS Locale=en_US  country=United States  variant=
2016-07-27 07:50:48.710 [IS] INFO  [JTS-Main] - Region:America
2016-07-27 07:50:48.710 [IS] INFO  [JTS-Main] - WebRegionURL Path:/java/classes/locales.jar URL:http://www.interactivebrokers.com/java/classes/locales.jar
2016-07-27 07:50:48.711 [IS] INFO  [JTS-Main] - Starting to download 'http://download2.interactivebrokers.com/java/classes/locales.jar' using HotBackup 'http://download2.interactivebrokers.com/java/classes/locales.jar'
2016-07-27 07:50:48.784 [IS] INFO  [JTS-Main] - LOCALE: needToUpdate  dest=C:\Jts\locales.jar  sourceMod=2016-05-23 08:03:52  destMod=2016-05-23 08:03:52  sourceSize=97283  destSize=97283  conditions=[NEWER_REMOTE, LOCAL_IN_FUTURE, SIZE_DIFFERS]  download=false
2016-07-27 07:50:48.785 [IS] INFO  [JTS-Main] - LOCALE: C:\Jts\locales.jar already up-to-date
2016-07-27 07:50:48.824 [IS] INFO  [JTS-Main] - LOCALE: loaded 9 supported locales
2016-07-27 07:50:48.836 [IS] INFO  [JTS-Main] - LOCALE: loaded 8 countries
2016-07-27 07:50:48.850 [IS] INFO  [JTS-Main] - Locale from ini: en
2016-07-27 07:50:48.850 [IS] INFO  [JTS-Main] - LOCALE: created classloader java.net.URLClassLoader@15b53dc with file:/C:/Jts/locales.jar, parent: sun.misc.Launcher$AppClassLoader@4c12b6
2016-07-27 07:50:48.850 [IS] INFO  [JTS-Main] - LOCALE: Property locale_to_use=en
2016-07-27 07:50:48.850 [IS] INFO  [JTS-Main] - LOCALE: JTS Locale=en_US  country=United States  variant=
2016-07-27 07:50:48.850 [IS] INFO  [JTS-Main] - Locale=en_US  country=United States  variant=
2016-07-27 07:50:48.852 [IS] INFO  [JTS-Main] - prohibiting class lookup [twslaunch.ji18n.LauncherLanguage]
2016-07-27 07:50:48.853 [IS] INFO  [JTS-Main] - prohibiting class lookup [twslaunch.ji18n.LauncherLanguage_en]
2016-07-27 07:50:48.853 [IS] INFO  [JTS-Main] - prohibiting class lookup [twslaunch.ji18n.LauncherLanguage_en_US]
2016-07-27 07:50:48.854 [IS] INFO  [JTS-Main] - LOCALE: type: launcher intended: en_US actual:  size: 319
2016-07-27 07:50:48.864 [IS] INFO  [JTS-Main] - TWS installer version: 1.75-SNAPSHOT
2016-07-27 07:50:48.864 [IS] INFO  [JTS-Main] - TWS installer type: updatable
2016-07-27 07:50:48.865 [IS] INFO  [AWT-EventQueue-0] - LauncherFontUpdater: simulatehighdefscreen=false
2016-07-27 07:50:48.866 [IS] INFO  [AWT-EventQueue-0] - LauncherFontUpdater: Screen dimensions=1280x1024
2016-07-27 07:50:48.866 [IS] INFO  [AWT-EventQueue-0] - LauncherFontUpdater: highres=false
2016-07-27 07:50:48.866 [IS] INFO  [AWT-EventQueue-0] - LauncherFontUpdater: FontSize=0
2016-07-27 07:50:48.872 [IS] INFO  [AWT-EventQueue-0] - LauncherJtsLookAndFeel initialized
2016-07-27 07:50:48.890 [IS] INFO  [AWT-EventQueue-0] - twslaunch.autoupdate.serviceImpl: com.ib.tws.twslaunch.install4j.Install4jAutoUpdateService
2016-07-27 07:50:48.892 [IS] INFO  [AWT-EventQueue-0] - updateDownloadUrl: https://download2.interactivebrokers.com/installers/tws/latest
2016-07-27 07:50:48.892 [IS] INFO  [AWT-EventQueue-0] - skipUpdateCheck: null
2016-07-27 07:50:48.892 [IS] INFO  [AWT-EventQueue-0] - nightlyEnabled: true
2016-07-27 07:50:48.892 [IS] INFO  [AWT-EventQueue-0] - channelNameArg: null
2016-07-27 07:50:48.892 [IS] INFO  [AWT-EventQueue-0] - channelName: latest
2016-07-27 07:50:48.892 [IS] INFO  [AWT-EventQueue-0] - jtsConfigDir: null
2016-07-27 07:50:48.892 [IS] INFO  [AWT-EventQueue-0] - sessionId: not set
2016-07-27 07:50:48.892 [IS] INFO  [AWT-EventQueue-0] - installDir: C:\Jts\
2016-07-27 07:50:48.892 [IS] INFO  [AWT-EventQueue-0] - exeName: tws
2016-07-27 07:50:48.904 [IS] INFO  [AWT-EventQueue-0] - Checking for update [channel: LATEST, customJtsConfigDir: null]...
2016-07-27 07:50:48.905 [IS] INFO  [AWT-EventQueue-0] - Resolved a proxy for accessing 'https://download2.interactivebrokers.com/installers/tws/latest': 192.9.168.225:3128
2016-07-27 07:50:51.533 [IS] INFO  [JTS-Main] - Codebase for jars: https://download2.interactivebrokers.com/installers/tws/latest
2016-07-27 07:50:51.990 [IS] INFO  [JTS-Main] - Connect and request MiscUrls
2016-07-27 07:50:51.994 [IS] INFO  [JTS-MiscUlrsRequester-1] - Connecting gdc1.ibllc.com:4000 timeout=0
2016-07-27 07:50:52.016 [IS] INFO  [JTS-MiscUlrsRequester-1] - Connected to gdc1.ibllc.com:4000 on local port 0 socket local addrs:port /192.9.169.104:61136
2016-07-27 07:50:52.020 [IS] INFO  [JTS-MiscUlrsRequester-1] - Resolving mac address
2016-07-27 07:50:52.129 [IS] INFO  [JTS-MiscUlrsRequester-1] - MACNetworkInfo created <35f32e94|34:17:EB:B4:8C:62|192.9.169.104>
2016-07-27 07:50:52.131 [IS] INFO  [JTS-MISC URLsListenerS1-2] - Starting Listener thread
2016-07-27 07:50:52.148 [IS] INFO  [JTS-MiscUlrsRequester-1] - Sending MiscUrls request
2016-07-27 07:50:52.148 [IS] INFO  [JTS-AuthDispatcherS1-3] - Starting dispatcher
2016-07-27 07:50:52.151 [IS] INFO  [JTS-MiscUlrsRequester-1] - LOGIN_TIME_MONITOR	 false 07:50:52:151 since start = 0 thread delay = 0 global delay = 0 tag=null, cls=AuthDispatcher method=send
2016-07-27 07:50:52.152 [IS] INFO  [JTS-MISC URLsListenerS1-2] - Initial listener buffer size is 8192
2016-07-27 07:50:52.152 [IS] INFO  [JTS-AuthResponseMonitor-4] - Starting auth response monitor thread
2016-07-27 07:50:52.172 [IS] INFO  [JTS-AuthDispatcherS1-3] - Received NS_MISC_URLS
2016-07-27 07:50:52.173 [IS] INFO  [JTS-AuthDispatcherS1-3] - Received URLs ='{alpine_help=http://www.interactivebrokers.com/en/general/alpineHelp.php, ib_system_status=http://status.interactivebrokers.net/cgi-bin/bb_status.pl, customer_service=http://www.interactivebrokers.com/en/p.php?f=customerService&ib_entity=llc, wbdemo=direct, java_upgrade_howto=http://www.interactivebrokers.com/en/software/downloadPlugin.php?ib_entity=llc, demo=email, ssl=1, pass_change_ib=https://gdcdyn.interactivebrokers.com/sso/Login?service=AM.LOGIN&MSG=PWD, paper_account_creation=https://gdcdyn.interactivebrokers.com/sso/Login, pass_reset=https://gdcdyn.interactivebrokers.com/Universal/servlet/AccountAccess.PasswordReset, bingo_help=http://www.interactivebrokers.com/en/general/bingoHelp.php, gold_help=http://www.interactivebrokers.com/en/general/goldHelp.php, s3store=1}'
2016-07-27 07:50:52.176 [IS] INFO  [AWT-EventQueue-0] - OvernightManager.dayInit: new values: dayOfTheWeek: 4 (Wed), YYYYMMofToday: 201607, YYYYMMDDofToday: 20160727, m_todayDate: 20160727, dueToChangeInTimezone: false
2016-07-27 07:50:52.176 [IS] INFO  [JTS-AuthDispatcherS1-3] - Disconnecting gdc1.ibllc.com:4000 with status DISCONNECT_BY_DESIGN
2016-07-27 07:50:52.177 [IS] INFO  [JTS-MISC URLsListenerS1-2] - Socket for connection gdc1.ibllc.com:4000 was closed by another thread
2016-07-27 07:50:52.177 [IS] INFO  [JTS-AuthDispatcherS1-3] - Terminating dispatcher
2016-07-27 07:50:52.177 [IS] INFO  [JTS-MISC URLsListenerS1-2] - Terminating Listener thread
2016-07-27 07:50:52.177 [IS] INFO  [JTS-AuthResponseMonitor-4] - Terminating auth response monitor thread
2016-07-27 07:50:52.347 [IS] INFO  [AWT-EventQueue-0] - Started on 20160727-12:50:52
2016-07-27 07:50:52.350 [IS] INFO  [AWT-EventQueue-0] - Default timezone:America/Chicago name:Central Standard Time dst:3600000
2016-07-27 07:50:52.350 [IS] INFO  [AWT-EventQueue-0] - java version = 1.8.0_60
2016-07-27 07:50:52.350 [IS] INFO  [AWT-EventQueue-0] - sun.arch.data.model = 32
2016-07-27 07:50:52.350 [IS] INFO  [AWT-EventQueue-0] - os = Windows 7
2016-07-27 07:50:52.350 [IS] INFO  [AWT-EventQueue-0] - runtime = Java(TM) SE Runtime Environment
2016-07-27 07:50:52.350 [IS] INFO  [AWT-EventQueue-0] - vendor = Oracle Corporation
2016-07-27 07:50:52.350 [IS] INFO  [AWT-EventQueue-0] - vm name = Java HotSpot(TM) Client VM
2016-07-27 07:50:52.350 [IS] INFO  [AWT-EventQueue-0] - username = 'tacdev'
2016-07-27 07:50:52.492 [IS] INFO  [AWT-EventQueue-0] - Basic init done. Login window shown
2016-07-27 07:50:52.493 [IS] INFO  [JTS-Main] - Hard linking is not enabled in standalone mode
2016-07-27 07:50:52.493 [IS] INFO  [JTS-Main] - Launcher created @ 20160725-12:26:50
2016-07-27 07:50:57.111 [IS] INFO  [AWT-EventQueue-0] - username = dyizsoxdm
2016-07-27 07:50:57.112 [IS] INFO  [AWT-EventQueue-0] - Setting dir is C:\Jts\
2016-07-27 07:50:57.118 [IS] INFO  [AWT-EventQueue-0] - PROXY Cleared HTTP proxy: no valid proxy is present (passing on :0)
2016-07-27 07:50:57.140 [IS] INFO  [AWT-EventQueue-0] - host = gdc1.ibllc.com
2016-07-27 07:50:57.140 [IS] INFO  [AWT-EventQueue-0] - remotePort = 4001
2016-07-27 07:50:57.140 [IS] INFO  [AWT-EventQueue-0] - localPort = 0
2016-07-27 07:50:57.146 [IS] INFO  [AWT-EventQueue-0] - SPLASH Creating screen with 17 steps
2016-07-27 07:50:57.208 [IS] INFO  [AWT-EventQueue-0] - mapProdToPaper: resetSimulatedTradingModeSelectedFlag: old=false new=true
2016-07-27 07:50:57.208 [IS] INFO  [AWT-EventQueue-0] - CONN CALC: Last connection attempt time is cleared!
2016-07-27 07:50:57.208 [IS] INFO  [AWT-EventQueue-0] - CONN CALC: Last connection set as now:07:50:57:208
2016-07-27 07:50:57.208 [IS] INFO  [AWT-EventQueue-0] - Prelogin delay:0
2016-07-27 07:50:57.209 [IS] INFO  [JTS-Login-8] - Starting launcher login thread
2016-07-27 07:50:57.210 [IS] INFO  [JTS-Login-8] - SPLASH Connecting to server
2016-07-27 07:50:57.210 [IS] INFO  [AWT-EventQueue-0] - Network monitor is activated
2016-07-27 07:50:57.211 [IS] INFO  [JTS-Login-8] - Connecting gdc1.ibllc.com:4001 (SSL) timeout=20000
2016-07-27 07:50:57.235 [IS] INFO  [JTS-Login-8] - Connected to gdc1.ibllc.com:4001 (SSL) on local port 0 socket local addrs:port /192.9.169.104:61137
2016-07-27 07:50:57.235 [IS] INFO  [JTS-Login-8] - Changing state for connection from PRELOGON to PRELOGON in y 6518751: SessionSocket:2
2016-07-27 07:50:57.235 [IS] INFO  [JTS-Login-8] - Authenticating
2016-07-27 07:50:57.236 [IS] INFO  [JTS-CCPListenerS2-10] - Starting Listener thread
2016-07-27 07:50:57.236 [IS] INFO  [JTS-Login-8] - AuthTimeoutMonitor: deactivate
2016-07-27 07:50:57.236 [IS] INFO  [JTS-Login-8] - AuthTimeoutMonitor: timeout=20000
2016-07-27 07:50:57.237 [IS] INFO  [JTS-Login-8] - AuthTimeoutMonitor: activate
2016-07-27 07:50:57.237 [IS] INFO  [JTS-AuthTimeoutMonitorThread-12] - Starting auth timeout monitor thread
2016-07-27 07:50:57.237 [IS] INFO  [JTS-Login-8] - SPLASH -0001 step 1 AuthDispatcher.connect
2016-07-27 07:50:57.238 [IS] INFO  [JTS-Login-8] - Sending connect request
2016-07-27 07:50:57.238 [IS] INFO  [JTS-AuthDispatcherS2-11] - Starting dispatcher
2016-07-27 07:50:57.239 [IS] INFO  [JTS-Login-8] - mapProdToPaper: In NSConnectRequest: sending PAPER_CONNECT=0x2000
2016-07-27 07:50:57.516 [IS] INFO  [JTS-Login-8] - SPLASH Authenticating
2016-07-27 07:50:57.518 [IS] INFO  [JTS-CCPListenerS2-10] - Initial listener buffer size is 8192
2016-07-27 07:50:57.520 [IS] INFO  [JTS-Login-8] - Terminating launcher login thread
2016-07-27 07:50:57.539 [IS] INFO  [JTS-AuthDispatcherS2-11] - SPLASH 0301 step 2 AuthDispatcher.processDataItr
2016-07-27 07:50:57.542 [IS] INFO  [JTS-AuthDispatcherS2-11] - Received NS_AUTH_START: 1
2016-07-27 07:50:57.542 [IS] INFO  [JTS-AuthDispatcherS2-11] - pwd time to expiry ms: 2632752541000 days: 30472
2016-07-27 07:50:57.542 [IS] INFO  [JTS-AuthDispatcherS2-11] - Long pwd allowed : false
2016-07-27 07:50:57.543 [IS] INFO  [JTS-AuthDispatcherS2-11] -  NS_AUTH_START version=26 pwd=1 soft=0 token=0 tokenSubtype=0 initialTokenType=PWD authenticationType=MARKET_DATA_CONNECTION identityHashcode=7231988
2016-07-27 07:50:57.545 [IS] INFO  [JTS-AuthDispatcherS2-11] - Starting password Authentication
2016-07-27 07:50:57.545 [IS] INFO  [JTS-AuthDispatcherS2-11] - sendXYZMessage: 777
2016-07-27 07:50:57.569 [IS] INFO  [JTS-AuthDispatcherS2-11] - Receiver: 777
2016-07-27 07:50:57.569 [IS] INFO  [JTS-AuthDispatcherS2-11] - processXYZMessage: 777 protocol version: 26
2016-07-27 07:50:57.569 [IS] INFO  [JTS-AuthDispatcherS2-11] - Received AUTH_PARAMS
2016-07-27 07:50:57.570 [IS] INFO  [JTS-AuthDispatcherS2-11] - sendXYZMessage: 777
2016-07-27 07:50:57.594 [IS] INFO  [JTS-AuthDispatcherS2-11] - Receiver: 777
2016-07-27 07:50:57.594 [IS] INFO  [JTS-AuthDispatcherS2-11] - processXYZMessage: 777 protocol version: 26
2016-07-27 07:50:57.594 [IS] INFO  [JTS-AuthDispatcherS2-11] - Received SERVER_PARAMS
2016-07-27 07:50:57.599 [IS] INFO  [JTS-AuthDispatcherS2-11] - Session Token received in AuthenticationMessageXYZ: 1dafa6ea2b32f9b3565a75c46c6a72585cbf2b28  messageId=SERVER_KEY (4)
2016-07-27 07:50:57.600 [IS] INFO  [JTS-AuthDispatcherS2-11] - sendXYZMessage: 777
2016-07-27 07:50:57.622 [IS] INFO  [JTS-AuthDispatcherS2-11] - Receiver: 777
2016-07-27 07:50:57.622 [IS] INFO  [JTS-AuthDispatcherS2-11] - processXYZMessage: 777 protocol version: 26
2016-07-27 07:50:57.622 [IS] INFO  [JTS-AuthDispatcherS2-11] - Received AUTH_RESULT
2016-07-27 07:50:57.623 [IS] INFO  [JTS-AuthDispatcherS2-11] - Passed pwd authentication.
2016-07-27 07:50:57.623 [IS] INFO  [JTS-AuthDispatcherS2-11] - Authentication completed.
2016-07-27 07:50:57.623 [IS] INFO  [JTS-AuthDispatcherS2-11] - setting session token in AuthenticationHandler: authenticationType=MARKET_DATA_CONNECTION hashCode=7231988 new=1dafa6ea2b32f9b3565a75c46c6a72585cbf2b28 old=NULL ctciOld=NULL
2016-07-27 07:50:57.815 [IS] INFO  [JTS-AuthDispatcherS2-11] - SPLASH 0277 step 2 AuthDispatcher.processDataItr
2016-07-27 07:50:57.815 [IS] INFO  [JTS-AuthDispatcherS2-11] - Received NS_CONNECT_RESPONSE
2016-07-27 07:50:57.816 [IS] INFO  [JTS-AuthDispatcherS2-11] - Log encryption support is disabled [logKeyId: ].
2016-07-27 07:50:57.837 [IS] INFO  [JTS-AuthDispatcherS2-11] - Received NS_FIX_START
2016-07-27 07:50:57.839 [IS] INFO  [JTS-AuthDispatcherS2-11] - Terminating dispatcher
2016-07-27 07:50:57.840 [IS] INFO  [JTS-AuthTimeoutMonitorThread-12] - Terminating auth timeout monitor thread
2016-07-27 07:50:57.840 [IS] INFO  [JTS-PostAuthenticateS2-16] - AuthTimeoutMonitor: deactivate
2016-07-27 07:50:57.841 [IS] INFO  [JTS-PostAuthenticateS2-16] - Authentication complete
2016-07-27 07:50:57.895 [IS] INFO  [AWT-EventQueue-0] - Build 957.3b, Jul 25, 2016 12:24:41 PM
2016-07-27 07:50:57.921 [IS] INFO  [AWT-EventQueue-0] - LauncherJtsLookAndFeel uninitialized
2016-07-27 07:50:57.924 [IS] INFO  [AWT-EventQueue-0] - LookAndFeelChangedListener installed
2016-07-27 07:50:57.927 [IS] INFO  [AWT-EventQueue-0] - JtsLookAndFeel initialized
2016-07-27 07:50:57.970 [IS] INFO  [JTS-PostAuthenticateS2-16] - prohibiting class lookup [org.jfree.chart.LocalizationBundle]
2016-07-27 07:50:58.036 [IS] INFO  [AWT-EventQueue-0] - Current LAF: TWS LAF
2016-07-27 07:50:58.041 [IS] INFO  [JTS-PostAuthenticateS2-16] - prohibiting class lookup [org.jfree.chart.LocalizationBundle_en]
2016-07-27 07:50:58.041 [IS] INFO  [JTS-PostAuthenticateS2-16] - prohibiting resource lookup [org/jfree/chart/LocalizationBundle_en.properties]
2016-07-27 07:50:58.041 [IS] INFO  [JTS-PostAuthenticateS2-16] - prohibiting class lookup [org.jfree.chart.LocalizationBundle_en_US]
2016-07-27 07:50:58.041 [IS] INFO  [JTS-PostAuthenticateS2-16] - prohibiting resource lookup [org/jfree/chart/LocalizationBundle_en_US.properties]
2016-07-27 07:50:58.041 [IS] INFO  [JTS-PostAuthenticateS2-16] - prohibiting class lookup [org.jfree.chart.plot.LocalizationBundle]
2016-07-27 07:50:58.042 [IS] INFO  [JTS-PostAuthenticateS2-16] - prohibiting class lookup [org.jfree.chart.plot.LocalizationBundle_en]
2016-07-27 07:50:58.042 [IS] INFO  [JTS-PostAuthenticateS2-16] - prohibiting resource lookup [org/jfree/chart/plot/LocalizationBundle_en.properties]
2016-07-27 07:50:58.042 [IS] INFO  [JTS-PostAuthenticateS2-16] - prohibiting class lookup [org.jfree.chart.plot.LocalizationBundle_en_US]
2016-07-27 07:50:58.042 [IS] INFO  [JTS-PostAuthenticateS2-16] - prohibiting resource lookup [org/jfree/chart/plot/LocalizationBundle_en_US.properties]
2016-07-27 07:50:58.215 [IS] INFO  [JTS-PostAuthenticateS2-16] - jfreechart version =1.0.8
2016-07-27 07:50:58.215 [IS] INFO  [JTS-PostAuthenticateS2-16] - jcommon version =1.0.12
2016-07-27 07:50:58.216 [IS] INFO  [JTS-PostAuthenticateS2-16] - JDOMFactory Class =interface org.jdom.JDOMFactory
2016-07-27 07:50:58.218 [IS] INFO  [JTS-PostAuthenticateS2-16] - hsqldb jdbc =class org.hsqldb.jdbcDriver 2.2
2016-07-27 07:50:58.220 [IS] INFO  [JTS-PostAuthenticateS2-16] - Changing state for connection from PRELOGON to PRELOGON in y 6518751: SessionSocket:2
2016-07-27 07:50:58.221 [IS] INFO  [JTS-PostAuthenticateS2-16] - Switching to a new log 'C:\Jts\dyizsoxdm\tws.log'...
