2016-06-30 12:55:39.932 [LB] INFO  [JTS-Main] - ------------------------------- TWS RESTART --------------------------------
2016-06-30 12:55:39.945 [LB] INFO  [JTS-Main] - Jts dir is C:\Jts\
2016-06-30 12:55:39.949 [LB] INFO  [JTS-Main] - PROXY Installed custom selector
2016-06-30 12:55:39.956 [LB] INFO  [JTS-Main] - SSL support status for cdc1.ibllc.com:4000 is  expired(last check 6)
2016-06-30 12:55:39.960 [LB] INFO  [JTS-Main] - LOCALE: Property locale_to_use=null
2016-06-30 12:55:39.962 [LB] INFO  [JTS-Main] - LOCALE: JTS Locale=en_US  country=United States  variant=
2016-06-30 12:55:39.962 [LB] INFO  [JTS-Main] - Region: from ini us -> America
2016-06-30 12:55:39.962 [LB] INFO  [JTS-Main] - LOCALE: Property locale_to_use=null
2016-06-30 12:55:39.963 [LB] INFO  [JTS-Main] - LOCALE: JTS Locale=en_US  country=United States  variant=
2016-06-30 12:55:39.963 [LB] INFO  [JTS-Main] - Region:America
2016-06-30 12:55:39.963 [LB] INFO  [JTS-Main] - WebRegionURL Path:/java/classes/locales.jar URL:http://www.interactivebrokers.com/java/classes/locales.jar
2016-06-30 12:55:39.964 [LB] INFO  [JTS-Main] - Starting to download 'http://download2.interactivebrokers.com/java/classes/locales.jar' using HotBackup 'http://download2.interactivebrokers.com/java/classes/locales.jar'
2016-06-30 12:55:40.029 [LB] INFO  [JTS-Main] - LOCALE: needToUpdate  dest=C:\Jts\locales.jar  sourceMod=2016-05-23 08:03:52  destMod=2016-05-23 08:03:52  sourceSize=97283  destSize=97283  conditions=[NEWER_REMOTE, LOCAL_IN_FUTURE, SIZE_DIFFERS]  download=false
2016-06-30 12:55:40.029 [LB] INFO  [JTS-Main] - LOCALE: C:\Jts\locales.jar already up-to-date
2016-06-30 12:55:40.063 [LB] INFO  [JTS-Main] - LOCALE: loaded 9 supported locales
2016-06-30 12:55:40.076 [LB] INFO  [JTS-Main] - LOCALE: loaded 8 countries
2016-06-30 12:55:40.080 [LB] INFO  [JTS-Main] - Locale from ini: en
2016-06-30 12:55:40.080 [LB] INFO  [JTS-Main] - LOCALE: created classloader java.net.URLClassLoader@12da18f with file:/C:/Jts/locales.jar, parent: sun.misc.Launcher$AppClassLoader@4c12b6
2016-06-30 12:55:40.081 [LB] INFO  [JTS-Main] - LOCALE: Property locale_to_use=en
2016-06-30 12:55:40.081 [LB] INFO  [JTS-Main] - LOCALE: JTS Locale=en_US  country=United States  variant=
2016-06-30 12:55:40.081 [LB] INFO  [JTS-Main] - Locale=en_US  country=United States  variant=
2016-06-30 12:55:40.082 [LB] INFO  [JTS-Main] - prohibiting class lookup [twslaunch.ji18n.LauncherLanguage]
2016-06-30 12:55:40.083 [LB] INFO  [JTS-Main] - prohibiting class lookup [twslaunch.ji18n.LauncherLanguage_en]
2016-06-30 12:55:40.084 [LB] INFO  [JTS-Main] - prohibiting class lookup [twslaunch.ji18n.LauncherLanguage_en_US]
2016-06-30 12:55:40.084 [LB] INFO  [JTS-Main] - LOCALE: type: launcher intended: en_US actual:  size: 309
2016-06-30 12:55:40.094 [LB] INFO  [JTS-Main] - TWS installer type: standalone
2016-06-30 12:55:40.101 [LB] INFO  [JTS-Main] - Connect and request MiscUrls
2016-06-30 12:55:40.103 [LB] INFO  [JTS-MiscUlrsRequester-1] - Connecting cdc1.ibllc.com:4000 timeout=0
2016-06-30 12:55:40.156 [LB] INFO  [JTS-MiscUlrsRequester-1] - Connected to cdc1.ibllc.com:4000 on local port 0 socket local addrs:port /192.9.169.104:49232
2016-06-30 12:55:40.202 [LB] INFO  [JTS-MiscUlrsRequester-1] - Resolving mac address
2016-06-30 12:55:40.213 [LB] INFO  [JTS-Main] - prohibiting class lookup [org.jfree.chart.LocalizationBundle]
2016-06-30 12:55:40.250 [LB] INFO  [JTS-Main] - prohibiting class lookup [org.jfree.chart.LocalizationBundle_en]
2016-06-30 12:55:40.250 [LB] INFO  [JTS-Main] - prohibiting resource lookup [org/jfree/chart/LocalizationBundle_en.properties]
2016-06-30 12:55:40.250 [LB] INFO  [JTS-Main] - prohibiting class lookup [org.jfree.chart.LocalizationBundle_en_US]
2016-06-30 12:55:40.250 [LB] INFO  [JTS-Main] - prohibiting resource lookup [org/jfree/chart/LocalizationBundle_en_US.properties]
2016-06-30 12:55:40.251 [LB] INFO  [JTS-Main] - prohibiting class lookup [org.jfree.chart.plot.LocalizationBundle]
2016-06-30 12:55:40.251 [LB] INFO  [JTS-Main] - prohibiting class lookup [org.jfree.chart.plot.LocalizationBundle_en]
2016-06-30 12:55:40.251 [LB] INFO  [JTS-Main] - prohibiting resource lookup [org/jfree/chart/plot/LocalizationBundle_en.properties]
2016-06-30 12:55:40.251 [LB] INFO  [JTS-Main] - prohibiting class lookup [org.jfree.chart.plot.LocalizationBundle_en_US]
2016-06-30 12:55:40.251 [LB] INFO  [JTS-Main] - prohibiting resource lookup [org/jfree/chart/plot/LocalizationBundle_en_US.properties]
2016-06-30 12:55:40.309 [LB] INFO  [JTS-MiscUlrsRequester-1] - MACNetworkInfo created <35f32e94|34:17:EB:B4:8C:62|192.9.169.104>
2016-06-30 12:55:40.323 [LB] INFO  [JTS-MISC URLsListenerS1-2] - Starting Listener thread
2016-06-30 12:55:40.453 [LB] INFO  [JTS-Main] - jfreechart version =1.0.8
2016-06-30 12:55:40.453 [LB] INFO  [JTS-Main] - jcommon version =1.0.12
2016-06-30 12:55:40.453 [LB] INFO  [JTS-Main] - JDOMFactory Class =interface org.jdom.JDOMFactory
2016-06-30 12:55:40.456 [LB] INFO  [JTS-Main] - hsqldb jdbc =class org.hsqldb.jdbcDriver 2.2
2016-06-30 12:55:40.485 [LB] INFO  [JTS-Main] - Build 956.2c, Apr 28, 2016 12:49:03 PM
2016-06-30 12:55:40.513 [LB] INFO  [JTS-Main] - LookAndFeelChangedListener installed
2016-06-30 12:55:40.517 [LB] INFO  [JTS-Main] - JtsLookAndFeel initialized
2016-06-30 12:55:40.587 [LB] INFO  [JTS-MiscUlrsRequester-1] - Sending MiscUrls request
2016-06-30 12:55:40.588 [LB] INFO  [JTS-AuthDispatcherS1-4] - Starting dispatcher
2016-06-30 12:55:40.590 [LB] INFO  [JTS-MiscUlrsRequester-1] - LOGIN_TIME_MONITOR	 false 12:55:40:589 since start = 0 thread delay = 0 global delay = -1 tag=null, cls=AuthDispatcher method=send
2016-06-30 12:55:40.591 [LB] INFO  [JTS-MISC URLsListenerS1-2] - Initial listener buffer size is 8192
2016-06-30 12:55:40.592 [LB] INFO  [JTS-AuthResponseMonitor-5] - Starting auth response monitor thread
2016-06-30 12:55:40.633 [LB] INFO  [JTS-AuthDispatcherS1-4] - Received NS_MISC_URLS
2016-06-30 12:55:40.636 [LB] INFO  [JTS-AuthDispatcherS1-4] - Received URLs ='{paper_account_creation=https://gdcdyn.interactivebrokers.com/sso/Login, alpine_help=http://www.interactivebrokers.com/en/general/alpineHelp.php, bingo_help=http://www.interactivebrokers.com/en/general/bingoHelp.php, ib_system_status=http://status.interactivebrokers.net/cgi-bin/bb_status.pl, customer_service=http://www.interactivebrokers.com/en/p.php?f=customerService&ib_entity=llc, gold_help=http://www.interactivebrokers.com/en/general/goldHelp.php, java_upgrade_howto=http://www.interactivebrokers.com/en/software/downloadPlugin.php?ib_entity=llc, demo=email, ssl=1, pass_change_ib=https://gdcdyn.interactivebrokers.com/sso/Login?service=AM.LOGIN&MSG=PWD, s3store=1}'
2016-06-30 12:55:40.640 [LB] INFO  [AWT-EventQueue-0] - OvernightManager.dayInit: new values: dayOfTheWeek: 5 (Thu), YYYYMMofToday: 201606, YYYYMMDDofToday: 20160630, m_todayDate: 20160630, dueToChangeInTimezone: false
2016-06-30 12:55:40.641 [LB] INFO  [JTS-AuthDispatcherS1-4] - Disconnecting cdc1.ibllc.com:4000 with status DISCONNECT_BY_DESIGN
2016-06-30 12:55:40.642 [LB] INFO  [JTS-AuthDispatcherS1-4] - Terminating dispatcher
2016-06-30 12:55:40.643 [LB] INFO  [JTS-AuthResponseMonitor-5] - Terminating auth response monitor thread
2016-06-30 12:55:40.650 [LB] INFO  [JTS-MISC URLsListenerS1-2] - Socket for connection cdc1.ibllc.com:4000 was closed by another thread
2016-06-30 12:55:40.650 [LB] INFO  [JTS-MISC URLsListenerS1-2] - Terminating Listener thread
2016-06-30 12:55:40.683 [LB] INFO  [JTS-Main] - Current LAF: TWS LAF
2016-06-30 12:55:40.684 [LB] INFO  [AWT-EventQueue-0] - LauncherFontUpdater: simulatehighdefscreen=false
2016-06-30 12:55:40.684 [LB] INFO  [AWT-EventQueue-0] - LauncherFontUpdater: Screen dimensions=1280x1024
2016-06-30 12:55:40.684 [LB] INFO  [AWT-EventQueue-0] - LauncherFontUpdater: highres=false
2016-06-30 12:55:40.684 [LB] INFO  [AWT-EventQueue-0] - LauncherFontUpdater: FontSize=0
2016-06-30 12:55:40.815 [LB] INFO  [AWT-EventQueue-0] - twslaunch.autoupdate.serviceImpl: com.ib.tws.twslaunch.install4j.Install4jAutoUpdateService
2016-06-30 12:55:40.818 [LB] INFO  [AWT-EventQueue-0] - updateDownloadUrl: null
2016-06-30 12:55:40.818 [LB] INFO  [AWT-EventQueue-0] - skipUpdateCheck: null
2016-06-30 12:55:40.818 [LB] INFO  [AWT-EventQueue-0] - nightlyEnabled: true
2016-06-30 12:55:40.818 [LB] INFO  [AWT-EventQueue-0] - channelNameArg: null
2016-06-30 12:55:40.818 [LB] INFO  [AWT-EventQueue-0] - channelName: latest
2016-06-30 12:55:40.818 [LB] INFO  [AWT-EventQueue-0] - jtsConfigDir: null
2016-06-30 12:55:40.818 [LB] INFO  [AWT-EventQueue-0] - sessionId: not set
2016-06-30 12:55:40.818 [LB] INFO  [AWT-EventQueue-0] - installDir: C:\Jts\956\
2016-06-30 12:55:40.818 [LB] INFO  [AWT-EventQueue-0] - exeName: null
2016-06-30 12:55:40.887 [LB] INFO  [AWT-EventQueue-0] - Started on 20160630-17:55:40
2016-06-30 12:55:40.889 [LB] INFO  [AWT-EventQueue-0] - Default timezone:America/Chicago name:Central Standard Time dst:3600000
2016-06-30 12:55:40.889 [LB] INFO  [AWT-EventQueue-0] - java version = 1.8.0_60
2016-06-30 12:55:40.889 [LB] INFO  [AWT-EventQueue-0] - sun.arch.data.model = 32
2016-06-30 12:55:40.889 [LB] INFO  [AWT-EventQueue-0] - os = Windows 7
2016-06-30 12:55:40.889 [LB] INFO  [AWT-EventQueue-0] - runtime = Java(TM) SE Runtime Environment
2016-06-30 12:55:40.889 [LB] INFO  [AWT-EventQueue-0] - vendor = Oracle Corporation
2016-06-30 12:55:40.890 [LB] INFO  [AWT-EventQueue-0] - vm name = Java HotSpot(TM) Client VM
2016-06-30 12:55:40.890 [LB] INFO  [AWT-EventQueue-0] - username = 'tacdev'
2016-06-30 12:55:41.050 [LB] INFO  [AWT-EventQueue-0] - Basic init done. Login window shown
2016-06-30 12:55:50.731 [LB] INFO  [AWT-EventQueue-0] - username = dhtyomssv
2016-06-30 12:55:50.732 [LB] INFO  [AWT-EventQueue-0] - Setting dir is C:\Jts\
2016-06-30 12:55:50.738 [LB] INFO  [AWT-EventQueue-0] - PROXY Cleared HTTP proxy: no valid proxy is present (passing on :0)
2016-06-30 12:55:50.744 [LB] INFO  [AWT-EventQueue-0] - host = cdc1.ibllc.com
2016-06-30 12:55:50.744 [LB] INFO  [AWT-EventQueue-0] - remotePort = 4001
2016-06-30 12:55:50.744 [LB] INFO  [AWT-EventQueue-0] - localPort = 0
2016-06-30 12:55:50.750 [LB] INFO  [AWT-EventQueue-0] - SPLASH Creating screen with 8 steps
2016-06-30 12:55:50.870 [LB] INFO  [AWT-EventQueue-0] - mapProdToPaper: resetSimulatedTradingModeSelectedFlag: old=false new=true
2016-06-30 12:55:50.870 [LB] INFO  [AWT-EventQueue-0] - CONN CALC: Last connection attempt time is cleared!
2016-06-30 12:55:50.870 [LB] INFO  [AWT-EventQueue-0] - CONN CALC: Last connection set as now:12:55:50:870
2016-06-30 12:55:50.870 [LB] INFO  [AWT-EventQueue-0] - Prelogin delay:0
2016-06-30 12:55:50.872 [LB] INFO  [JTS-Login-10] - Starting launcher login thread
2016-06-30 12:55:50.872 [LB] INFO  [AWT-EventQueue-0] - Network monitor is activated
2016-06-30 12:55:50.872 [LB] INFO  [JTS-Login-10] - SPLASH Connecting to server
2016-06-30 12:55:50.873 [LB] INFO  [JTS-Login-10] - Connecting cdc1.ibllc.com:4001 (SSL) timeout=20000
2016-06-30 12:55:51.128 [LB] INFO  [JTS-Login-10] - Connected to cdc1.ibllc.com:4001 (SSL) on local port 0 socket local addrs:port /192.9.169.104:49233
2016-06-30 12:55:51.128 [LB] INFO  [JTS-Login-10] - Changing state for connection from PRELOGON to PRELOGON in y 9644472: SessionSocket:2
2016-06-30 12:55:51.128 [LB] INFO  [JTS-Login-10] - Authenticating
2016-06-30 12:55:51.128 [LB] INFO  [JTS-Login-10] - AuthTimeoutMonitor: deactivate
2016-06-30 12:55:51.128 [LB] INFO  [JTS-Login-10] - AuthTimeoutMonitor: timeout=20000
2016-06-30 12:55:51.129 [LB] INFO  [JTS-Login-10] - AuthTimeoutMonitor: activate
2016-06-30 12:55:51.129 [LB] INFO  [JTS-CCPListenerS2-12] - Starting Listener thread
2016-06-30 12:55:51.129 [LB] INFO  [JTS-Login-10] - SPLASH -0001 step 1 AuthDispatcher.connect
2016-06-30 12:55:51.130 [LB] INFO  [JTS-AuthTimeoutMonitorThread-14] - Starting auth timeout monitor thread
2016-06-30 12:55:51.130 [LB] INFO  [JTS-Login-10] - Sending connect request
2016-06-30 12:55:51.131 [LB] INFO  [JTS-AuthDispatcherS2-13] - Starting dispatcher
2016-06-30 12:55:51.131 [LB] INFO  [JTS-Login-10] - mapProdToPaper: In NSConnectRequest: sending PAPER_CONNECT=0x2000
2016-06-30 12:55:51.449 [LB] INFO  [JTS-Login-10] - SPLASH Authenticating
2016-06-30 12:55:51.450 [LB] INFO  [JTS-CCPListenerS2-12] - Initial listener buffer size is 8192
2016-06-30 12:55:51.452 [LB] INFO  [JTS-Login-10] - Terminating launcher login thread
2016-06-30 12:55:51.458 [LB] INFO  [JTS-AuthDispatcherS2-13] - SPLASH 0328 step 2 AuthDispatcher.processDataItr
2016-06-30 12:55:51.461 [LB] INFO  [JTS-AuthDispatcherS2-13] - Received NS_AUTH_START: 1
2016-06-30 12:55:51.461 [LB] INFO  [JTS-AuthDispatcherS2-13] - pwd time to expiry ms: 2635067056000 days: 30499
2016-06-30 12:55:51.461 [LB] INFO  [JTS-AuthDispatcherS2-13] - Long pwd allowed : false
2016-06-30 12:55:51.462 [LB] INFO  [JTS-AuthDispatcherS2-13] -  NS_AUTH_START version=25 pwd=1 soft=0 token=0 tokenSubtype=0 initialTokenType=PWD authenticationType=MARKET_DATA_CONNECTION identityHashcode=17377549
2016-06-30 12:55:51.464 [LB] INFO  [JTS-AuthDispatcherS2-13] - Starting password Authentication
2016-06-30 12:55:51.464 [LB] INFO  [JTS-AuthDispatcherS2-13] - sendXYZMessage: 777
2016-06-30 12:55:51.483 [LB] INFO  [JTS-AuthDispatcherS2-13] - Receiver: 777
2016-06-30 12:55:51.483 [LB] INFO  [JTS-AuthDispatcherS2-13] - processXYZMessage: 777 protocol version: 25
2016-06-30 12:55:51.483 [LB] INFO  [JTS-AuthDispatcherS2-13] - Received AUTH_PARAMS
2016-06-30 12:55:51.484 [LB] INFO  [JTS-AuthDispatcherS2-13] - sendXYZMessage: 777
2016-06-30 12:55:51.492 [LB] INFO  [JTS-AuthDispatcherS2-13] - Receiver: 777
2016-06-30 12:55:51.492 [LB] INFO  [JTS-AuthDispatcherS2-13] - processXYZMessage: 777 protocol version: 25
2016-06-30 12:55:51.492 [LB] INFO  [JTS-AuthDispatcherS2-13] - Received SERVER_PARAMS
2016-06-30 12:55:51.497 [LB] INFO  [JTS-AuthDispatcherS2-13] - Session Token received in AuthenticationMessageXYZ: e8311ed46e94faeefc20eb0202b55cb8da5809b  messageId=SERVER_KEY (4)
2016-06-30 12:55:51.499 [LB] INFO  [JTS-AuthDispatcherS2-13] - sendXYZMessage: 777
2016-06-30 12:55:51.505 [LB] INFO  [JTS-AuthDispatcherS2-13] - Receiver: 777
2016-06-30 12:55:51.506 [LB] INFO  [JTS-AuthDispatcherS2-13] - processXYZMessage: 777 protocol version: 25
2016-06-30 12:55:51.506 [LB] INFO  [JTS-AuthDispatcherS2-13] - Received AUTH_RESULT
2016-06-30 12:55:51.506 [LB] INFO  [JTS-AuthDispatcherS2-13] - Passed pwd authentication.
2016-06-30 12:55:51.506 [LB] INFO  [JTS-AuthDispatcherS2-13] - Authentication completed.
2016-06-30 12:55:51.506 [LB] INFO  [JTS-AuthDispatcherS2-13] - setting session token in AuthenticationHandler: authenticationType=MARKET_DATA_CONNECTION hashCode=17377549 new=e8311ed46e94faeefc20eb0202b55cb8da5809b old=NULL ctciOld=NULL
2016-06-30 12:55:51.757 [LB] INFO  [JTS-AuthDispatcherS2-13] - SPLASH 0300 step 2 AuthDispatcher.processDataItr
2016-06-30 12:55:51.757 [LB] INFO  [JTS-AuthDispatcherS2-13] - Received NS_CONNECT_RESPONSE
2016-06-30 12:55:51.759 [LB] INFO  [JTS-AuthDispatcherS2-13] - Log encryption support is disabled [logKeyId: ].
2016-06-30 12:55:51.771 [LB] INFO  [JTS-AuthDispatcherS2-13] - Competition detected: from IP=65.207.192.98 logged at=Thu Jun 30 08:02:14 CDT 2016
2016-06-30 12:55:51.772 [LB] INFO  [JTS-AuthDispatcherS2-13] - CONN CALC: Last connection attempt time is cleared!
2016-06-30 12:55:51.772 [LB] INFO  [JTS-AuthDispatcherS2-13] - AuthTimeoutMonitor: pause
2016-06-30 12:55:51.778 [LB] INFO  [AWT-EventQueue-0] - Competition ip: 65.207.192.98
2016-06-30 12:55:53.847 [LB] INFO  [AWT-EventQueue-0] - Competing selection: disconnect another session
2016-06-30 12:55:53.848 [LB] INFO  [AWT-EventQueue-0] - Reconnection time cleared: argClearBackoff=true base=0 range=5000 next=0 disconnected=0
2016-06-30 12:55:53.848 [LB] INFO  [AWT-EventQueue-0] - Continue logon
2016-06-30 12:55:53.848 [LB] INFO  [AWT-EventQueue-0] - AuthTimeoutMonitor: resume, idleTime=2076
2016-06-30 12:55:53.854 [LB] INFO  [JTS-NewCommPort-20] - SPLASH 2097 step 3 AuthDispatcher.send
2016-06-30 12:55:53.862 [LB] INFO  [JTS-AuthDispatcherS2-13] - Received NS_FIX_START
2016-06-30 12:55:53.865 [LB] INFO  [JTS-AuthDispatcherS2-13] - Terminating dispatcher
2016-06-30 12:55:53.865 [LB] INFO  [JTS-PostAuthenticateS2-21] - AuthTimeoutMonitor: deactivate
2016-06-30 12:55:53.866 [LB] INFO  [JTS-AuthTimeoutMonitorThread-14] - Terminating auth timeout monitor thread
2016-06-30 12:55:53.866 [LB] INFO  [JTS-PostAuthenticateS2-21] - Authentication complete
2016-06-30 12:55:53.914 [LB] INFO  [JTS-PostAuthenticateS2-21] - jfreechart version =1.0.8
2016-06-30 12:55:53.914 [LB] INFO  [JTS-PostAuthenticateS2-21] - jcommon version =1.0.12
2016-06-30 12:55:53.914 [LB] INFO  [JTS-PostAuthenticateS2-21] - JDOMFactory Class =interface org.jdom.JDOMFactory
2016-06-30 12:55:53.914 [LB] INFO  [JTS-PostAuthenticateS2-21] - hsqldb jdbc =class org.hsqldb.jdbcDriver 2.2
2016-06-30 12:55:53.918 [LB] INFO  [JTS-PostAuthenticateS2-21] - Changing state for connection from PRELOGON to PRELOGON in y 9644472: SessionSocket:2
2016-06-30 12:55:53.918 [LB] INFO  [JTS-PostAuthenticateS2-21] - Switching to a new log 'C:\Jts\dhtyomssv\tws.log'...
