2016-06-24 15:42:14.258 [SB] INFO  [JTS-Main] - ------------------------------- TWS RESTART --------------------------------
2016-06-24 15:42:14.271 [SB] INFO  [JTS-Main] - Jts dir is C:\Jts\
2016-06-24 15:42:14.274 [SB] INFO  [JTS-Main] - PROXY Installed custom selector
2016-06-24 15:42:14.282 [SB] INFO  [JTS-Main] - SSL support status for cdc1.ibllc.com:4000 is true
2016-06-24 15:42:14.286 [SB] INFO  [JTS-Main] - LOCALE: Property locale_to_use=null
2016-06-24 15:42:14.289 [SB] INFO  [JTS-Main] - LOCALE: JTS Locale=en_US  country=United States  variant=
2016-06-24 15:42:14.289 [SB] INFO  [JTS-Main] - Region: from ini us -> America
2016-06-24 15:42:14.289 [SB] INFO  [JTS-Main] - LOCALE: Property locale_to_use=null
2016-06-24 15:42:14.289 [SB] INFO  [JTS-Main] - LOCALE: JTS Locale=en_US  country=United States  variant=
2016-06-24 15:42:14.289 [SB] INFO  [JTS-Main] - Region:America
2016-06-24 15:42:14.290 [SB] INFO  [JTS-Main] - WebRegionURL Path:/java/classes/locales.jar URL:http://www.interactivebrokers.com/java/classes/locales.jar
2016-06-24 15:42:14.291 [SB] INFO  [JTS-Main] - Starting to download 'http://download2.interactivebrokers.com/java/classes/locales.jar' using HotBackup 'http://download2.interactivebrokers.com/java/classes/locales.jar'
2016-06-24 15:42:14.386 [SB] INFO  [JTS-Main] - LOCALE: needToUpdate  dest=C:\Jts\locales.jar  sourceMod=2016-05-23 08:03:52  destMod=2016-05-23 08:03:52  sourceSize=97283  destSize=97283  conditions=[NEWER_REMOTE, LOCAL_IN_FUTURE, SIZE_DIFFERS]  download=false
2016-06-24 15:42:14.387 [SB] INFO  [JTS-Main] - LOCALE: C:\Jts\locales.jar already up-to-date
2016-06-24 15:42:14.422 [SB] INFO  [JTS-Main] - LOCALE: loaded 9 supported locales
2016-06-24 15:42:14.436 [SB] INFO  [JTS-Main] - LOCALE: loaded 8 countries
2016-06-24 15:42:14.441 [SB] INFO  [JTS-Main] - Locale from ini: en
2016-06-24 15:42:14.441 [SB] INFO  [JTS-Main] - LOCALE: created classloader java.net.URLClassLoader@12da18f with file:/C:/Jts/locales.jar, parent: sun.misc.Launcher$AppClassLoader@4c12b6
2016-06-24 15:42:14.441 [SB] INFO  [JTS-Main] - LOCALE: Property locale_to_use=en
2016-06-24 15:42:14.441 [SB] INFO  [JTS-Main] - LOCALE: JTS Locale=en_US  country=United States  variant=
2016-06-24 15:42:14.441 [SB] INFO  [JTS-Main] - Locale=en_US  country=United States  variant=
2016-06-24 15:42:14.443 [SB] INFO  [JTS-Main] - prohibiting class lookup [twslaunch.ji18n.LauncherLanguage]
2016-06-24 15:42:14.444 [SB] INFO  [JTS-Main] - prohibiting class lookup [twslaunch.ji18n.LauncherLanguage_en]
2016-06-24 15:42:14.444 [SB] INFO  [JTS-Main] - prohibiting class lookup [twslaunch.ji18n.LauncherLanguage_en_US]
2016-06-24 15:42:14.445 [SB] INFO  [JTS-Main] - LOCALE: type: launcher intended: en_US actual:  size: 309
2016-06-24 15:42:14.456 [SB] INFO  [JTS-Main] - TWS installer type: standalone
2016-06-24 15:42:14.550 [SB] INFO  [JTS-Main] - prohibiting class lookup [org.jfree.chart.LocalizationBundle]
2016-06-24 15:42:14.599 [SB] INFO  [JTS-Main] - prohibiting class lookup [org.jfree.chart.LocalizationBundle_en]
2016-06-24 15:42:14.599 [SB] INFO  [JTS-Main] - prohibiting resource lookup [org/jfree/chart/LocalizationBundle_en.properties]
2016-06-24 15:42:14.599 [SB] INFO  [JTS-Main] - prohibiting class lookup [org.jfree.chart.LocalizationBundle_en_US]
2016-06-24 15:42:14.599 [SB] INFO  [JTS-Main] - prohibiting resource lookup [org/jfree/chart/LocalizationBundle_en_US.properties]
2016-06-24 15:42:14.599 [SB] INFO  [JTS-Main] - prohibiting class lookup [org.jfree.chart.plot.LocalizationBundle]
2016-06-24 15:42:14.600 [SB] INFO  [JTS-Main] - prohibiting class lookup [org.jfree.chart.plot.LocalizationBundle_en]
2016-06-24 15:42:14.600 [SB] INFO  [JTS-Main] - prohibiting resource lookup [org/jfree/chart/plot/LocalizationBundle_en.properties]
2016-06-24 15:42:14.600 [SB] INFO  [JTS-Main] - prohibiting class lookup [org.jfree.chart.plot.LocalizationBundle_en_US]
2016-06-24 15:42:14.600 [SB] INFO  [JTS-Main] - prohibiting resource lookup [org/jfree/chart/plot/LocalizationBundle_en_US.properties]
2016-06-24 15:42:14.802 [SB] INFO  [JTS-Main] - jfreechart version =1.0.8
2016-06-24 15:42:14.803 [SB] INFO  [JTS-Main] - jcommon version =1.0.12
2016-06-24 15:42:14.803 [SB] INFO  [JTS-Main] - JDOMFactory Class =interface org.jdom.JDOMFactory
2016-06-24 15:42:14.806 [SB] INFO  [JTS-Main] - hsqldb jdbc =class org.hsqldb.jdbcDriver 2.2
2016-06-24 15:42:14.812 [SB] INFO  [JTS-Main] - Build 956.2c, Apr 28, 2016 12:49:03 PM
2016-06-24 15:42:14.840 [SB] INFO  [JTS-Main] - LookAndFeelChangedListener installed
2016-06-24 15:42:14.845 [SB] INFO  [JTS-Main] - JtsLookAndFeel initialized
2016-06-24 15:42:14.901 [SB] INFO  [JTS-Main] - Current LAF: TWS LAF
2016-06-24 15:42:15.056 [SB] INFO  [AWT-EventQueue-0] - LauncherFontUpdater: simulatehighdefscreen=false
2016-06-24 15:42:15.057 [SB] INFO  [AWT-EventQueue-0] - LauncherFontUpdater: Screen dimensions=1280x1024
2016-06-24 15:42:15.057 [SB] INFO  [AWT-EventQueue-0] - LauncherFontUpdater: highres=false
2016-06-24 15:42:15.057 [SB] INFO  [AWT-EventQueue-0] - LauncherFontUpdater: FontSize=0
2016-06-24 15:42:15.204 [SB] INFO  [AWT-EventQueue-0] - twslaunch.autoupdate.serviceImpl: com.ib.tws.twslaunch.install4j.Install4jAutoUpdateService
2016-06-24 15:42:15.206 [SB] INFO  [AWT-EventQueue-0] - updateDownloadUrl: null
2016-06-24 15:42:15.206 [SB] INFO  [AWT-EventQueue-0] - skipUpdateCheck: null
2016-06-24 15:42:15.206 [SB] INFO  [AWT-EventQueue-0] - nightlyEnabled: true
2016-06-24 15:42:15.206 [SB] INFO  [AWT-EventQueue-0] - channelNameArg: null
2016-06-24 15:42:15.206 [SB] INFO  [AWT-EventQueue-0] - channelName: latest
2016-06-24 15:42:15.206 [SB] INFO  [AWT-EventQueue-0] - jtsConfigDir: null
2016-06-24 15:42:15.206 [SB] INFO  [AWT-EventQueue-0] - sessionId: not set
2016-06-24 15:42:15.206 [SB] INFO  [AWT-EventQueue-0] - installDir: C:\Jts\956\
2016-06-24 15:42:15.206 [SB] INFO  [AWT-EventQueue-0] - exeName: null
2016-06-24 15:42:15.270 [SB] INFO  [AWT-EventQueue-0] - Started on 20160624-20:42:15
2016-06-24 15:42:15.273 [SB] INFO  [AWT-EventQueue-0] - Default timezone:America/Chicago name:Central Standard Time dst:3600000
2016-06-24 15:42:15.273 [SB] INFO  [AWT-EventQueue-0] - java version = 1.8.0_60
2016-06-24 15:42:15.273 [SB] INFO  [AWT-EventQueue-0] - sun.arch.data.model = 32
2016-06-24 15:42:15.273 [SB] INFO  [AWT-EventQueue-0] - os = Windows 7
2016-06-24 15:42:15.273 [SB] INFO  [AWT-EventQueue-0] - runtime = Java(TM) SE Runtime Environment
2016-06-24 15:42:15.273 [SB] INFO  [AWT-EventQueue-0] - vendor = Oracle Corporation
2016-06-24 15:42:15.273 [SB] INFO  [AWT-EventQueue-0] - vm name = Java HotSpot(TM) Client VM
2016-06-24 15:42:15.273 [SB] INFO  [AWT-EventQueue-0] - username = 'tacdev'
2016-06-24 15:42:15.427 [SB] INFO  [AWT-EventQueue-0] - Basic init done. Login window shown
2016-06-24 15:42:24.741 [SB] INFO  [AWT-EventQueue-0] - username = dduispxvq
2016-06-24 15:42:24.741 [SB] INFO  [AWT-EventQueue-0] - Setting dir is C:\Jts\
2016-06-24 15:42:24.745 [SB] INFO  [AWT-EventQueue-0] - PROXY Cleared HTTP proxy: no valid proxy is present (passing on :0)
2016-06-24 15:42:24.747 [SB] INFO  [AWT-EventQueue-0] - host = cdc1.ibllc.com
2016-06-24 15:42:24.747 [SB] INFO  [AWT-EventQueue-0] - remotePort = 4001
2016-06-24 15:42:24.747 [SB] INFO  [AWT-EventQueue-0] - localPort = 0
2016-06-24 15:42:24.750 [SB] INFO  [AWT-EventQueue-0] - SPLASH Creating screen with 14 steps
2016-06-24 15:42:24.845 [SB] INFO  [AWT-EventQueue-0] - mapProdToPaper: resetSimulatedTradingModeSelectedFlag: old=false new=true
2016-06-24 15:42:24.846 [SB] INFO  [AWT-EventQueue-0] - CONN CALC: Last connection attempt time is cleared!
2016-06-24 15:42:24.846 [SB] INFO  [AWT-EventQueue-0] - CONN CALC: Last connection set as now:15:42:24:846
2016-06-24 15:42:24.846 [SB] INFO  [AWT-EventQueue-0] - Prelogin delay:0
2016-06-24 15:42:24.847 [SB] INFO  [JTS-Login-5] - Starting launcher login thread
2016-06-24 15:42:24.848 [SB] INFO  [JTS-Login-5] - SPLASH Connecting to server
2016-06-24 15:42:24.848 [SB] INFO  [AWT-EventQueue-0] - Network monitor is activated
2016-06-24 15:42:24.850 [SB] INFO  [JTS-Login-5] - Connecting cdc1.ibllc.com:4001 (SSL) timeout=20000
2016-06-24 15:42:25.078 [SB] INFO  [JTS-Login-5] - Connected to cdc1.ibllc.com:4001 (SSL) on local port 0 socket local addrs:port /192.9.169.104:51475
2016-06-24 15:42:25.079 [SB] INFO  [JTS-Login-5] - Resolving mac address
2016-06-24 15:42:25.167 [SB] INFO  [JTS-Login-5] - MACNetworkInfo created <35f32e94|34:17:EB:B4:8C:62|192.9.169.104>
2016-06-24 15:42:25.167 [SB] INFO  [JTS-Login-5] - Changing state for connection from PRELOGON to PRELOGON in y 4867869: SessionSocket:1
2016-06-24 15:42:25.167 [SB] INFO  [JTS-Login-5] - Authenticating
2016-06-24 15:42:25.175 [SB] INFO  [JTS-CCPListenerS1-7] - Starting Listener thread
2016-06-24 15:42:25.185 [SB] INFO  [JTS-Login-5] - AuthTimeoutMonitor: deactivate
2016-06-24 15:42:25.185 [SB] INFO  [JTS-Login-5] - AuthTimeoutMonitor: timeout=20000
2016-06-24 15:42:25.185 [SB] INFO  [JTS-Login-5] - AuthTimeoutMonitor: activate
2016-06-24 15:42:25.186 [SB] INFO  [JTS-AuthTimeoutMonitorThread-9] - Starting auth timeout monitor thread
2016-06-24 15:42:25.187 [SB] INFO  [JTS-Login-5] - LOGIN_TIME_MONITOR	 false 15:42:25:186 since start = 0 thread delay = 0 global delay = -1 tag=null, cls=AuthDispatcher method=connect
2016-06-24 15:42:25.187 [SB] INFO  [JTS-Login-5] - SPLASH -0001 step 1 AuthDispatcher.connect
2016-06-24 15:42:25.188 [SB] INFO  [JTS-Login-5] - Sending connect request
2016-06-24 15:42:25.188 [SB] INFO  [JTS-AuthDispatcherS1-8] - Starting dispatcher
2016-06-24 15:42:25.189 [SB] INFO  [JTS-Login-5] - mapProdToPaper: In NSConnectRequest: sending PAPER_CONNECT=0x2000
2016-06-24 15:42:25.479 [SB] INFO  [JTS-Login-5] - SPLASH Authenticating
2016-06-24 15:42:25.479 [SB] INFO  [JTS-CCPListenerS1-7] - Initial listener buffer size is 8192
2016-06-24 15:42:25.480 [SB] INFO  [JTS-Login-5] - Terminating launcher login thread
2016-06-24 15:42:25.485 [SB] INFO  [JTS-AuthDispatcherS1-8] - SPLASH 0298 step 2 AuthDispatcher.processDataItr
2016-06-24 15:42:25.487 [SB] INFO  [JTS-AuthDispatcherS1-8] - Received NS_AUTH_START: 1
2016-06-24 15:42:25.487 [SB] INFO  [JTS-AuthDispatcherS1-8] - pwd time to expiry ms: 2635575451000 days: 30505
2016-06-24 15:42:25.487 [SB] INFO  [JTS-AuthDispatcherS1-8] - Long pwd allowed : false
2016-06-24 15:42:25.487 [SB] INFO  [JTS-AuthDispatcherS1-8] -  NS_AUTH_START version=25 pwd=1 soft=0 token=0 tokenSubtype=0 initialTokenType=PWD authenticationType=MARKET_DATA_CONNECTION identityHashcode=7506466
2016-06-24 15:42:25.488 [SB] INFO  [JTS-AuthDispatcherS1-8] - Starting password Authentication
2016-06-24 15:42:25.488 [SB] INFO  [JTS-AuthDispatcherS1-8] - sendXYZMessage: 777
2016-06-24 15:42:25.497 [SB] INFO  [JTS-AuthDispatcherS1-8] - Receiver: 777
2016-06-24 15:42:25.497 [SB] INFO  [JTS-AuthDispatcherS1-8] - processXYZMessage: 777 protocol version: 25
2016-06-24 15:42:25.498 [SB] INFO  [JTS-AuthDispatcherS1-8] - Received AUTH_PARAMS
2016-06-24 15:42:25.498 [SB] INFO  [JTS-AuthDispatcherS1-8] - sendXYZMessage: 777
2016-06-24 15:42:25.506 [SB] INFO  [JTS-AuthDispatcherS1-8] - Receiver: 777
2016-06-24 15:42:25.506 [SB] INFO  [JTS-AuthDispatcherS1-8] - processXYZMessage: 777 protocol version: 25
2016-06-24 15:42:25.507 [SB] INFO  [JTS-AuthDispatcherS1-8] - Received SERVER_PARAMS
2016-06-24 15:42:25.511 [SB] INFO  [JTS-AuthDispatcherS1-8] - Session Token received in AuthenticationMessageXYZ: 3c808753a61980964fd4c8fdcb5007639c86a483  messageId=SERVER_KEY (4)
2016-06-24 15:42:25.512 [SB] INFO  [JTS-AuthDispatcherS1-8] - sendXYZMessage: 777
2016-06-24 15:42:25.519 [SB] INFO  [JTS-AuthDispatcherS1-8] - Receiver: 777
2016-06-24 15:42:25.519 [SB] INFO  [JTS-AuthDispatcherS1-8] - processXYZMessage: 777 protocol version: 25
2016-06-24 15:42:25.519 [SB] INFO  [JTS-AuthDispatcherS1-8] - Received AUTH_RESULT
2016-06-24 15:42:25.520 [SB] INFO  [JTS-AuthDispatcherS1-8] - Passed pwd authentication.
2016-06-24 15:42:25.520 [SB] INFO  [JTS-AuthDispatcherS1-8] - Authentication completed.
2016-06-24 15:42:25.520 [SB] INFO  [JTS-AuthDispatcherS1-8] - setting session token in AuthenticationHandler: authenticationType=MARKET_DATA_CONNECTION hashCode=7506466 new=3c808753a61980964fd4c8fdcb5007639c86a483 old=NULL ctciOld=NULL
2016-06-24 15:42:25.712 [SB] INFO  [JTS-AuthDispatcherS1-8] - SPLASH 0227 step 2 AuthDispatcher.processDataItr
2016-06-24 15:42:25.712 [SB] INFO  [JTS-AuthDispatcherS1-8] - Received NS_CONNECT_RESPONSE
2016-06-24 15:42:25.714 [SB] INFO  [JTS-AuthDispatcherS1-8] - Log encryption support is disabled [logKeyId: ].
2016-06-24 15:42:25.722 [SB] INFO  [JTS-AuthDispatcherS1-8] - Received NS_FIX_START
2016-06-24 15:42:25.725 [SB] INFO  [JTS-AuthDispatcherS1-8] - Terminating dispatcher
2016-06-24 15:42:25.725 [SB] INFO  [JTS-PostAuthenticateS1-13] - AuthTimeoutMonitor: deactivate
2016-06-24 15:42:25.726 [SB] INFO  [JTS-AuthTimeoutMonitorThread-9] - Terminating auth timeout monitor thread
2016-06-24 15:42:25.726 [SB] INFO  [JTS-PostAuthenticateS1-13] - Authentication complete
2016-06-24 15:42:25.791 [SB] INFO  [JTS-PostAuthenticateS1-13] - jfreechart version =1.0.8
2016-06-24 15:42:25.791 [SB] INFO  [JTS-PostAuthenticateS1-13] - jcommon version =1.0.12
2016-06-24 15:42:25.791 [SB] INFO  [JTS-PostAuthenticateS1-13] - JDOMFactory Class =interface org.jdom.JDOMFactory
2016-06-24 15:42:25.792 [SB] INFO  [JTS-PostAuthenticateS1-13] - hsqldb jdbc =class org.hsqldb.jdbcDriver 2.2
2016-06-24 15:42:25.795 [SB] INFO  [JTS-PostAuthenticateS1-13] - Changing state for connection from PRELOGON to PRELOGON in y 4867869: SessionSocket:1
2016-06-24 15:42:25.796 [SB] INFO  [JTS-PostAuthenticateS1-13] - Switching to a new log 'C:\Jts\dduispxvq\tws.log'...
2016-06-24 15:42:31.065 [DU] INFO  [JTS-Main] - ------------------------------- TWS RESTART --------------------------------
2016-06-24 15:42:31.067 [DU] INFO  [JTS-Main] - Jts dir is C:\Jts\\
2016-06-24 15:42:31.069 [DU] INFO  [JTS-Main] - PROXY Installed custom selector
2016-06-24 15:42:31.077 [DU] INFO  [JTS-Main] - SSL support status for cdc1.ibllc.com:4000 is true
2016-06-24 15:42:31.081 [DU] INFO  [JTS-Main] - LOCALE: Property locale_to_use=null
2016-06-24 15:42:31.084 [DU] INFO  [JTS-Main] - LOCALE: JTS Locale=en_US  country=United States  variant=
2016-06-24 15:42:31.084 [DU] INFO  [JTS-Main] - Region: from ini us -> America
2016-06-24 15:42:31.084 [DU] INFO  [JTS-Main] - LOCALE: Property locale_to_use=null
2016-06-24 15:42:31.084 [DU] INFO  [JTS-Main] - LOCALE: JTS Locale=en_US  country=United States  variant=
2016-06-24 15:42:31.084 [DU] INFO  [JTS-Main] - Region:America
2016-06-24 15:42:31.085 [DU] INFO  [JTS-Main] - WebRegionURL Path:/java/classes/locales.jar URL:http://www.interactivebrokers.com/java/classes/locales.jar
2016-06-24 15:42:31.086 [DU] INFO  [JTS-Main] - Starting to download 'http://download2.interactivebrokers.com/java/classes/locales.jar' using HotBackup 'http://download2.interactivebrokers.com/java/classes/locales.jar'
2016-06-24 15:42:31.123 [DU] INFO  [JTS-Main] - LOCALE: needToUpdate  dest=C:\Jts\locales.jar  sourceMod=2016-05-23 08:03:52  destMod=2016-05-23 08:03:52  sourceSize=97283  destSize=97283  conditions=[NEWER_REMOTE, LOCAL_IN_FUTURE, SIZE_DIFFERS]  download=false
2016-06-24 15:42:31.123 [DU] INFO  [JTS-Main] - LOCALE: C:\Jts\locales.jar already up-to-date
2016-06-24 15:42:31.150 [DU] INFO  [JTS-Main] - LOCALE: loaded 9 supported locales
2016-06-24 15:42:31.162 [DU] INFO  [JTS-Main] - LOCALE: loaded 8 countries
2016-06-24 15:42:31.176 [DU] INFO  [JTS-Main] - Locale from ini: en
2016-06-24 15:42:31.176 [DU] INFO  [JTS-Main] - LOCALE: created classloader java.net.URLClassLoader@15b53dc with file:/C:/Jts/locales.jar, parent: sun.misc.Launcher$AppClassLoader@4c12b6
2016-06-24 15:42:31.176 [DU] INFO  [JTS-Main] - LOCALE: Property locale_to_use=en
2016-06-24 15:42:31.176 [DU] INFO  [JTS-Main] - LOCALE: JTS Locale=en_US  country=United States  variant=
2016-06-24 15:42:31.176 [DU] INFO  [JTS-Main] - Locale=en_US  country=United States  variant=
2016-06-24 15:42:31.177 [DU] INFO  [JTS-Main] - prohibiting class lookup [twslaunch.ji18n.LauncherLanguage]
2016-06-24 15:42:31.178 [DU] INFO  [JTS-Main] - prohibiting class lookup [twslaunch.ji18n.LauncherLanguage_en]
2016-06-24 15:42:31.179 [DU] INFO  [JTS-Main] - prohibiting class lookup [twslaunch.ji18n.LauncherLanguage_en_US]
2016-06-24 15:42:31.179 [DU] INFO  [JTS-Main] - LOCALE: type: launcher intended: en_US actual:  size: 319
2016-06-24 15:42:31.188 [DU] INFO  [JTS-Main] - TWS installer type: updatable
2016-06-24 15:42:31.189 [DU] INFO  [AWT-EventQueue-0] - LauncherFontUpdater: simulatehighdefscreen=false
2016-06-24 15:42:31.190 [DU] INFO  [AWT-EventQueue-0] - LauncherFontUpdater: Screen dimensions=1280x1024
2016-06-24 15:42:31.190 [DU] INFO  [AWT-EventQueue-0] - LauncherFontUpdater: highres=false
2016-06-24 15:42:31.190 [DU] INFO  [AWT-EventQueue-0] - LauncherFontUpdater: FontSize=0
2016-06-24 15:42:31.196 [DU] INFO  [AWT-EventQueue-0] - LauncherJtsLookAndFeel initialized
2016-06-24 15:42:31.213 [DU] INFO  [AWT-EventQueue-0] - twslaunch.autoupdate.serviceImpl: com.ib.tws.twslaunch.install4j.Install4jAutoUpdateService
2016-06-24 15:42:31.215 [DU] INFO  [AWT-EventQueue-0] - updateDownloadUrl: https://download2.interactivebrokers.com/installers/tws/beta
2016-06-24 15:42:31.215 [DU] INFO  [AWT-EventQueue-0] - skipUpdateCheck: null
2016-06-24 15:42:31.215 [DU] INFO  [AWT-EventQueue-0] - nightlyEnabled: true
2016-06-24 15:42:31.215 [DU] INFO  [AWT-EventQueue-0] - channelNameArg: null
2016-06-24 15:42:31.215 [DU] INFO  [AWT-EventQueue-0] - channelName: beta
2016-06-24 15:42:31.215 [DU] INFO  [AWT-EventQueue-0] - jtsConfigDir: null
2016-06-24 15:42:31.215 [DU] INFO  [AWT-EventQueue-0] - sessionId: not set
2016-06-24 15:42:31.215 [DU] INFO  [AWT-EventQueue-0] - installDir: C:\Jts\
2016-06-24 15:42:31.215 [DU] INFO  [AWT-EventQueue-0] - exeName: tws
2016-06-24 15:42:31.228 [DU] INFO  [AWT-EventQueue-0] - Checking for update [channel: BETA, customJtsConfigDir: null]...
2016-06-24 15:42:31.228 [DU] INFO  [AWT-EventQueue-0] - Resolved a proxy for accessing 'https://download2.interactivebrokers.com/installers/tws/beta': 192.9.168.225:3128
2016-06-24 15:42:33.854 [DU] INFO  [JTS-Main] - Codebase for jars: https://download2.interactivebrokers.com/installers/tws/beta/
2016-06-24 15:42:34.393 [DU] INFO  [JTS-Main] - Connect and request MiscUrls
2016-06-24 15:42:34.395 [DU] INFO  [JTS-MiscUlrsRequester-1] - Connecting cdc1.ibllc.com:4000 timeout=0
2016-06-24 15:42:34.402 [DU] INFO  [JTS-MiscUlrsRequester-1] - Connected to cdc1.ibllc.com:4000 on local port 0 socket local addrs:port /192.9.169.104:51480
2016-06-24 15:42:34.403 [DU] INFO  [JTS-MiscUlrsRequester-1] - Resolving mac address
2016-06-24 15:42:34.496 [DU] INFO  [JTS-MiscUlrsRequester-1] - MACNetworkInfo created <35f32e94|34:17:EB:B4:8C:62|192.9.169.104>
2016-06-24 15:42:34.499 [DU] INFO  [JTS-MISC URLsListenerS1-2] - Starting Listener thread
2016-06-24 15:42:34.511 [DU] INFO  [JTS-MiscUlrsRequester-1] - Sending MiscUrls request
2016-06-24 15:42:34.512 [DU] INFO  [JTS-AuthDispatcherS1-3] - Starting dispatcher
2016-06-24 15:42:34.515 [DU] INFO  [JTS-MiscUlrsRequester-1] - LOGIN_TIME_MONITOR	 false 15:42:34:514 since start = 0 thread delay = 0 global delay = 0 tag=null, cls=AuthDispatcher method=send
2016-06-24 15:42:34.516 [DU] INFO  [JTS-MISC URLsListenerS1-2] - Initial listener buffer size is 8192
2016-06-24 15:42:34.516 [DU] INFO  [JTS-AuthResponseMonitor-4] - Starting auth response monitor thread
2016-06-24 15:42:34.521 [DU] INFO  [JTS-AuthDispatcherS1-3] - Received NS_MISC_URLS
2016-06-24 15:42:34.522 [DU] INFO  [JTS-AuthDispatcherS1-3] - Received URLs ='{paper_account_creation=https://gdcdyn.interactivebrokers.com/sso/Login, alpine_help=http://www.interactivebrokers.com/en/general/alpineHelp.php, bingo_help=http://www.interactivebrokers.com/en/general/bingoHelp.php, ib_system_status=http://status.interactivebrokers.net/cgi-bin/bb_status.pl, customer_service=http://www.interactivebrokers.com/en/p.php?f=customerService&ib_entity=llc, gold_help=http://www.interactivebrokers.com/en/general/goldHelp.php, java_upgrade_howto=http://www.interactivebrokers.com/en/software/downloadPlugin.php?ib_entity=llc, demo=email, ssl=1, pass_change_ib=https://gdcdyn.interactivebrokers.com/sso/Login?service=AM.LOGIN&MSG=PWD, s3store=1}'
2016-06-24 15:42:34.528 [DU] INFO  [AWT-EventQueue-0] - OvernightManager.dayInit: new values: dayOfTheWeek: 6 (Fri), YYYYMMofToday: 201606, YYYYMMDDofToday: 20160624, m_todayDate: 20160624, dueToChangeInTimezone: false
2016-06-24 15:42:34.528 [DU] INFO  [JTS-AuthDispatcherS1-3] - Disconnecting cdc1.ibllc.com:4000 with status DISCONNECT_BY_DESIGN
2016-06-24 15:42:34.529 [DU] INFO  [JTS-MISC URLsListenerS1-2] - Socket for connection cdc1.ibllc.com:4000 was closed by another thread
2016-06-24 15:42:34.529 [DU] INFO  [JTS-AuthDispatcherS1-3] - Terminating dispatcher
2016-06-24 15:42:34.529 [DU] INFO  [JTS-MISC URLsListenerS1-2] - Terminating Listener thread
2016-06-24 15:42:34.529 [DU] INFO  [JTS-AuthResponseMonitor-4] - Terminating auth response monitor thread
2016-06-24 15:42:34.700 [DU] INFO  [AWT-EventQueue-0] - Started on 20160624-20:42:34
2016-06-24 15:42:34.702 [DU] INFO  [AWT-EventQueue-0] - Default timezone:America/Chicago name:Central Standard Time dst:3600000
2016-06-24 15:42:34.703 [DU] INFO  [AWT-EventQueue-0] - java version = 1.8.0_60
2016-06-24 15:42:34.703 [DU] INFO  [AWT-EventQueue-0] - sun.arch.data.model = 32
2016-06-24 15:42:34.703 [DU] INFO  [AWT-EventQueue-0] - os = Windows 7
2016-06-24 15:42:34.703 [DU] INFO  [AWT-EventQueue-0] - runtime = Java(TM) SE Runtime Environment
2016-06-24 15:42:34.703 [DU] INFO  [AWT-EventQueue-0] - vendor = Oracle Corporation
2016-06-24 15:42:34.703 [DU] INFO  [AWT-EventQueue-0] - vm name = Java HotSpot(TM) Client VM
2016-06-24 15:42:34.703 [DU] INFO  [AWT-EventQueue-0] - username = 'tacdev'
2016-06-24 15:42:34.843 [DU] INFO  [AWT-EventQueue-0] - Basic init done. Login window shown
2016-06-24 15:42:34.844 [DU] INFO  [JTS-Main] - Hard linking is not enabled in standalone mode
2016-06-24 15:42:34.844 [DU] INFO  [JTS-Main] - Launcher created @ 20160620-17:08:15
2016-06-24 15:42:42.036 [DU] INFO  [AWT-EventQueue-0] - username = dwjcgrxur
2016-06-24 15:42:42.036 [DU] INFO  [AWT-EventQueue-0] - Setting dir is C:\Jts\
2016-06-24 15:42:42.039 [DU] INFO  [AWT-EventQueue-0] - PROXY Cleared HTTP proxy: no valid proxy is present (passing on :0)
2016-06-24 15:42:42.082 [DU] INFO  [AWT-EventQueue-0] - host = cdc1.ibllc.com
2016-06-24 15:42:42.083 [DU] INFO  [AWT-EventQueue-0] - remotePort = 4001
2016-06-24 15:42:42.083 [DU] INFO  [AWT-EventQueue-0] - localPort = 0
2016-06-24 15:42:42.086 [DU] INFO  [AWT-EventQueue-0] - SPLASH Creating screen with 14 steps
2016-06-24 15:42:42.149 [DU] INFO  [AWT-EventQueue-0] - mapProdToPaper: resetSimulatedTradingModeSelectedFlag: old=false new=true
2016-06-24 15:42:42.150 [DU] INFO  [AWT-EventQueue-0] - CONN CALC: Last connection attempt time is cleared!
2016-06-24 15:42:42.150 [DU] INFO  [AWT-EventQueue-0] - CONN CALC: Last connection set as now:15:42:42:150
2016-06-24 15:42:42.150 [DU] INFO  [AWT-EventQueue-0] - Prelogin delay:0
2016-06-24 15:42:42.151 [DU] INFO  [JTS-Login-8] - Starting launcher login thread
2016-06-24 15:42:42.152 [DU] INFO  [JTS-Login-8] - SPLASH Connecting to server
2016-06-24 15:42:42.152 [DU] INFO  [AWT-EventQueue-0] - Network monitor is activated
2016-06-24 15:42:42.153 [DU] INFO  [JTS-Login-8] - Connecting cdc1.ibllc.com:4001 (SSL) timeout=20000
2016-06-24 15:42:42.195 [DU] INFO  [JTS-Login-8] - Connected to cdc1.ibllc.com:4001 (SSL) on local port 0 socket local addrs:port /192.9.169.104:51481
2016-06-24 15:42:42.195 [DU] INFO  [JTS-Login-8] - Changing state for connection from PRELOGON to PRELOGON in y 18621316: SessionSocket:2
2016-06-24 15:42:42.195 [DU] INFO  [JTS-Login-8] - Authenticating
2016-06-24 15:42:42.195 [DU] INFO  [JTS-Login-8] - AuthTimeoutMonitor: deactivate
2016-06-24 15:42:42.195 [DU] INFO  [JTS-Login-8] - AuthTimeoutMonitor: timeout=20000
2016-06-24 15:42:42.196 [DU] INFO  [JTS-CCPListenerS2-10] - Starting Listener thread
2016-06-24 15:42:42.196 [DU] INFO  [JTS-Login-8] - AuthTimeoutMonitor: activate
2016-06-24 15:42:42.196 [DU] INFO  [JTS-Login-8] - SPLASH -0001 step 1 AuthDispatcher.connect
2016-06-24 15:42:42.196 [DU] INFO  [JTS-AuthTimeoutMonitorThread-12] - Starting auth timeout monitor thread
2016-06-24 15:42:42.196 [DU] INFO  [JTS-Login-8] - Sending connect request
2016-06-24 15:42:42.198 [DU] INFO  [JTS-AuthDispatcherS2-11] - Starting dispatcher
2016-06-24 15:42:42.199 [DU] INFO  [JTS-Login-8] - mapProdToPaper: In NSConnectRequest: sending PAPER_CONNECT=0x2000
2016-06-24 15:42:42.442 [DU] INFO  [JTS-Login-8] - SPLASH Authenticating
2016-06-24 15:42:42.443 [DU] INFO  [JTS-CCPListenerS2-10] - Initial listener buffer size is 8192
2016-06-24 15:42:42.444 [DU] INFO  [JTS-Login-8] - Terminating launcher login thread
2016-06-24 15:42:42.448 [DU] INFO  [JTS-AuthDispatcherS2-11] - SPLASH 0251 step 2 AuthDispatcher.processDataItr
2016-06-24 15:42:42.448 [DU] INFO  [JTS-AuthDispatcherS2-11] - Received NS_REDIRECT
2016-06-24 15:42:42.448 [DU] INFO  [JTS-AuthDispatcherS2-11] - Disconnecting cdc1.ibllc.com:4001 (SSL) with status DISCONNECT_ON_REDIRECTION
2016-06-24 15:42:42.449 [DU] INFO  [JTS-CCPListenerS2-10] - Socket for connection cdc1.ibllc.com:4001 (SSL) was closed by another thread
2016-06-24 15:42:42.449 [DU] INFO  [JTS-AuthTimeoutMonitorThread-12] - Terminating auth timeout monitor thread
2016-06-24 15:42:42.449 [DU] INFO  [JTS-AuthDispatcherS2-11] - AuthTimeoutMonitor: deactivate
2016-06-24 15:42:42.468 [DU] INFO  [JTS-AuthDispatcherS2-11] - SSL support status for gdc1.ibllc.com:4000 is  expired(last check 10)
2016-06-24 15:42:42.469 [DU] INFO  [JTS-AuthDispatcherS2-11] - Connect and request MiscUrls
2016-06-24 15:42:42.469 [DU] INFO  [JTS-AuthDispatcherS2-11] - Redirecting to gdc1.ibllc.com:4001 (SSL)
2016-06-24 15:42:42.469 [DU] INFO  [JTS-AuthDispatcherS2-11] - Prelogin delay:0
2016-06-24 15:42:42.469 [DU] INFO  [JTS-CCPListenerS2-10] - Terminating Listener thread
2016-06-24 15:42:42.469 [DU] INFO  [JTS-AuthDispatcherS2-11] - Terminating dispatcher
2016-06-24 15:42:42.469 [DU] INFO  [JTS-Login-18] - Starting launcher login thread
2016-06-24 15:42:42.469 [DU] INFO  [JTS-MiscUlrsRequester-17] - Connecting gdc1.ibllc.com:4000 timeout=20000
2016-06-24 15:42:42.469 [DU] INFO  [JTS-Login-18] - SPLASH Connecting to server
2016-06-24 15:42:42.470 [DU] INFO  [JTS-Login-18] - AsyncDisconnectNotifiers:1
2016-06-24 15:42:42.470 [DU] INFO  [JTS-Login-18] - Connecting gdc1.ibllc.com:4001 (SSL) timeout=20000
2016-06-24 15:42:42.490 [DU] INFO  [JTS-MiscUlrsRequester-17] - Connected to gdc1.ibllc.com:4000 on local port 0 socket local addrs:port /192.9.169.104:51482
2016-06-24 15:42:42.490 [DU] INFO  [JTS-Login-18] - Connected to gdc1.ibllc.com:4001 (SSL) on local port 0 socket local addrs:port /192.9.169.104:51483
2016-06-24 15:42:42.491 [DU] INFO  [JTS-Login-18] - Changing state for connection from PRELOGON to PRELOGON in y 18621316: SessionSocket:4
2016-06-24 15:42:42.491 [DU] INFO  [JTS-Login-18] - Authenticating
2016-06-24 15:42:42.491 [DU] INFO  [JTS-MiscUlrsRequester-17] - Sending MiscUrls request
2016-06-24 15:42:42.492 [DU] INFO  [JTS-MISC URLsListenerS3-20] - Starting Listener thread
2016-06-24 15:42:42.492 [DU] INFO  [JTS-AuthDispatcherS3-21] - Starting dispatcher
2016-06-24 15:42:42.492 [DU] INFO  [JTS-Login-18] - AuthTimeoutMonitor: deactivate
2016-06-24 15:42:42.492 [DU] INFO  [JTS-Login-18] - AuthTimeoutMonitor: timeout=20000
2016-06-24 15:42:42.493 [DU] INFO  [JTS-CCPListenerS4-22] - Starting Listener thread
2016-06-24 15:42:42.494 [DU] INFO  [JTS-Login-18] - AuthTimeoutMonitor: activate
2016-06-24 15:42:42.494 [DU] INFO  [JTS-AuthResponseMonitor-23] - Starting auth response monitor thread
2016-06-24 15:42:42.494 [DU] INFO  [JTS-AuthTimeoutMonitorThread-25] - Starting auth timeout monitor thread
2016-06-24 15:42:42.495 [DU] INFO  [JTS-MISC URLsListenerS3-20] - Initial listener buffer size is 8192
2016-06-24 15:42:42.496 [DU] INFO  [JTS-Login-18] - Sending connect request
2016-06-24 15:42:42.496 [DU] INFO  [JTS-AuthDispatcherS4-24] - Starting dispatcher
2016-06-24 15:42:42.497 [DU] INFO  [JTS-Login-18] - mapProdToPaper: In NSConnectRequest: sending PAPER_CONNECT=0x2000
2016-06-24 15:42:42.513 [DU] INFO  [JTS-AuthDispatcherS3-21] - Received NS_MISC_URLS
2016-06-24 15:42:42.514 [DU] INFO  [JTS-AuthDispatcherS3-21] - Received URLs ='{paper_account_creation=https://gdcdyn.interactivebrokers.com/sso/Login, alpine_help=http://www.interactivebrokers.com/en/general/alpineHelp.php, bingo_help=http://www.interactivebrokers.com/en/general/bingoHelp.php, ib_system_status=http://status.interactivebrokers.net/cgi-bin/bb_status.pl, customer_service=http://www.interactivebrokers.com/en/p.php?f=customerService&ib_entity=llc, gold_help=http://www.interactivebrokers.com/en/general/goldHelp.php, java_upgrade_howto=http://www.interactivebrokers.com/en/software/downloadPlugin.php?ib_entity=llc, demo=email, ssl=1, pass_change_ib=https://gdcdyn.interactivebrokers.com/sso/Login?service=AM.LOGIN&MSG=PWD, s3store=1}'
2016-06-24 15:42:42.514 [DU] INFO  [JTS-AuthDispatcherS3-21] - Disconnecting gdc1.ibllc.com:4000 with status DISCONNECT_BY_DESIGN
2016-06-24 15:42:42.515 [DU] INFO  [JTS-MISC URLsListenerS3-20] - Socket for connection gdc1.ibllc.com:4000 was closed by another thread
2016-06-24 15:42:42.516 [DU] INFO  [JTS-AuthDispatcherS3-21] - Terminating dispatcher
2016-06-24 15:42:42.517 [DU] INFO  [JTS-AuthResponseMonitor-23] - Terminating auth response monitor thread
2016-06-24 15:42:42.518 [DU] INFO  [JTS-MISC URLsListenerS3-20] - Terminating Listener thread
2016-06-24 15:42:42.767 [DU] INFO  [JTS-Login-18] - SPLASH Authenticating
2016-06-24 15:42:42.768 [DU] INFO  [JTS-CCPListenerS4-22] - Initial listener buffer size is 8192
2016-06-24 15:42:42.769 [DU] INFO  [JTS-Login-18] - Terminating launcher login thread
2016-06-24 15:42:42.788 [DU] INFO  [JTS-AuthDispatcherS4-24] - SPLASH 0341 step 3 AuthDispatcher.processDataItr
2016-06-24 15:42:42.791 [DU] INFO  [JTS-AuthDispatcherS4-24] - Received NS_AUTH_START: 1
2016-06-24 15:42:42.791 [DU] INFO  [JTS-AuthDispatcherS4-24] - pwd time to expiry ms: 2635575434000 days: 30505
2016-06-24 15:42:42.791 [DU] INFO  [JTS-AuthDispatcherS4-24] - Long pwd allowed : false
2016-06-24 15:42:42.791 [DU] INFO  [JTS-AuthDispatcherS4-24] -  NS_AUTH_START version=26 pwd=1 soft=0 token=0 tokenSubtype=0 initialTokenType=PWD authenticationType=MARKET_DATA_CONNECTION identityHashcode=25309942
2016-06-24 15:42:42.792 [DU] INFO  [JTS-AuthDispatcherS4-24] - Starting password Authentication
2016-06-24 15:42:42.792 [DU] INFO  [JTS-AuthDispatcherS4-24] - sendXYZMessage: 777
2016-06-24 15:42:42.818 [DU] INFO  [JTS-AuthDispatcherS4-24] - Receiver: 777
2016-06-24 15:42:42.818 [DU] INFO  [JTS-AuthDispatcherS4-24] - processXYZMessage: 777 protocol version: 26
2016-06-24 15:42:42.818 [DU] INFO  [JTS-AuthDispatcherS4-24] - Received AUTH_PARAMS
2016-06-24 15:42:42.818 [DU] INFO  [JTS-AuthDispatcherS4-24] - sendXYZMessage: 777
2016-06-24 15:42:42.844 [DU] INFO  [JTS-AuthDispatcherS4-24] - Receiver: 777
2016-06-24 15:42:42.844 [DU] INFO  [JTS-AuthDispatcherS4-24] - processXYZMessage: 777 protocol version: 26
2016-06-24 15:42:42.844 [DU] INFO  [JTS-AuthDispatcherS4-24] - Received SERVER_PARAMS
2016-06-24 15:42:42.849 [DU] INFO  [JTS-AuthDispatcherS4-24] - Session Token received in AuthenticationMessageXYZ: f902f59d47e49e393408eadc61d0282405154d22  messageId=SERVER_KEY (4)
2016-06-24 15:42:42.850 [DU] INFO  [JTS-AuthDispatcherS4-24] - sendXYZMessage: 777
2016-06-24 15:42:42.874 [DU] INFO  [JTS-AuthDispatcherS4-24] - Receiver: 777
2016-06-24 15:42:42.874 [DU] INFO  [JTS-AuthDispatcherS4-24] - processXYZMessage: 777 protocol version: 26
2016-06-24 15:42:42.874 [DU] INFO  [JTS-AuthDispatcherS4-24] - Received AUTH_RESULT
2016-06-24 15:42:42.874 [DU] INFO  [JTS-AuthDispatcherS4-24] - Passed pwd authentication.
2016-06-24 15:42:42.874 [DU] INFO  [JTS-AuthDispatcherS4-24] - Authentication completed.
2016-06-24 15:42:42.874 [DU] INFO  [JTS-AuthDispatcherS4-24] - setting session token in AuthenticationHandler: authenticationType=MARKET_DATA_CONNECTION hashCode=25309942 new=f902f59d47e49e393408eadc61d0282405154d22 old=NULL ctciOld=NULL
2016-06-24 15:42:43.065 [DU] INFO  [JTS-AuthDispatcherS4-24] - SPLASH 0277 step 3 AuthDispatcher.processDataItr
2016-06-24 15:42:43.065 [DU] INFO  [JTS-AuthDispatcherS4-24] - Received NS_CONNECT_RESPONSE
2016-06-24 15:42:43.067 [DU] INFO  [JTS-AuthDispatcherS4-24] - Log encryption support is disabled [logKeyId: ].
2016-06-24 15:42:43.101 [DU] INFO  [JTS-AuthDispatcherS4-24] - Received NS_FIX_START
2016-06-24 15:42:43.104 [DU] INFO  [JTS-AuthDispatcherS4-24] - Terminating dispatcher
2016-06-24 15:42:43.104 [DU] INFO  [JTS-PostAuthenticateS4-30] - AuthTimeoutMonitor: deactivate
2016-06-24 15:42:43.105 [DU] INFO  [JTS-AuthTimeoutMonitorThread-25] - Terminating auth timeout monitor thread
2016-06-24 15:42:43.105 [DU] INFO  [JTS-PostAuthenticateS4-30] - Authentication complete
2016-06-24 15:42:43.418 [DU] INFO  [AWT-EventQueue-0] - Build 957.1i, Jun 20, 2016 5:05:38 PM
2016-06-24 15:42:43.892 [DU] INFO  [AWT-EventQueue-0] - LauncherJtsLookAndFeel uninitialized
2016-06-24 15:42:43.959 [DU] INFO  [AWT-EventQueue-0] - LookAndFeelChangedListener installed
2016-06-24 15:42:44.003 [DU] INFO  [AWT-EventQueue-0] - JtsLookAndFeel initialized
2016-06-24 15:42:44.579 [DU] INFO  [JTS-PostAuthenticateS4-30] - prohibiting class lookup [org.jfree.chart.LocalizationBundle]
2016-06-24 15:42:44.661 [DU] INFO  [JTS-PostAuthenticateS4-30] - prohibiting class lookup [org.jfree.chart.LocalizationBundle_en]
2016-06-24 15:42:44.661 [DU] INFO  [JTS-PostAuthenticateS4-30] - prohibiting resource lookup [org/jfree/chart/LocalizationBundle_en.properties]
2016-06-24 15:42:44.661 [DU] INFO  [JTS-PostAuthenticateS4-30] - prohibiting class lookup [org.jfree.chart.LocalizationBundle_en_US]
2016-06-24 15:42:44.661 [DU] INFO  [JTS-PostAuthenticateS4-30] - prohibiting resource lookup [org/jfree/chart/LocalizationBundle_en_US.properties]
2016-06-24 15:42:44.661 [DU] INFO  [JTS-PostAuthenticateS4-30] - prohibiting class lookup [org.jfree.chart.plot.LocalizationBundle]
2016-06-24 15:42:44.662 [DU] INFO  [JTS-PostAuthenticateS4-30] - prohibiting class lookup [org.jfree.chart.plot.LocalizationBundle_en]
2016-06-24 15:42:44.662 [DU] INFO  [JTS-PostAuthenticateS4-30] - prohibiting resource lookup [org/jfree/chart/plot/LocalizationBundle_en.properties]
2016-06-24 15:42:44.662 [DU] INFO  [JTS-PostAuthenticateS4-30] - prohibiting class lookup [org.jfree.chart.plot.LocalizationBundle_en_US]
2016-06-24 15:42:44.662 [DU] INFO  [JTS-PostAuthenticateS4-30] - prohibiting resource lookup [org/jfree/chart/plot/LocalizationBundle_en_US.properties]
2016-06-24 15:42:44.710 [DU] INFO  [AWT-EventQueue-0] - Current LAF: TWS LAF
2016-06-24 15:42:45.172 [DU] INFO  [JTS-PostAuthenticateS4-30] - jfreechart version =1.0.8
2016-06-24 15:42:45.172 [DU] INFO  [JTS-PostAuthenticateS4-30] - jcommon version =1.0.12
2016-06-24 15:42:45.180 [DU] INFO  [JTS-PostAuthenticateS4-30] - JDOMFactory Class =interface org.jdom.JDOMFactory
2016-06-24 15:42:45.242 [DU] INFO  [JTS-PostAuthenticateS4-30] - hsqldb jdbc =class org.hsqldb.jdbcDriver 2.2
2016-06-24 15:42:45.292 [DU] INFO  [JTS-PostAuthenticateS4-30] - Changing state for connection from PRELOGON to PRELOGON in y 18621316: SessionSocket:4
2016-06-24 15:42:45.293 [DU] INFO  [JTS-PostAuthenticateS4-30] - Switching to a new log 'C:\Jts\dwjcgrxur\tws.log'...
