twslaunch.jutils.SLogging$Warning: UIQueue detected single task that too long to execute: 2098ms task:Ticker row:  id=3326  page=null  secName=null  autoDelete=false  observerPrio=6  ec=1703081770  mktDataTag=4  lastMktDataTag=5  sym=XLE  exch=SMART  conid=4215217  view=NONE using:jtable.basic.zd@14cf318c
	at twslaunch.jutils.ic.t(ic.java:439)
	at jutils.thread.hc.f(hc.java:345)
	at jutils.thread.hc.b(hc.java:152)
	at jutils.thread.kc.run(kc.java:205)
	at jutils.thread.ec.onTimerExpired(ec.java:163)
	at jutils.thread.ec.a(ec.java:77)
	at jutils.thread.gc.actionPerformed(gc.java:96)
	at twslaunch.jutils.thread.l.run(l.java:322)
	at java.awt.event.InvocationEvent.dispatch(InvocationEvent.java:311)
	at java.awt.EventQueue.dispatchEventImpl(EventQueue.java:756)
	at java.awt.EventQueue.access$500(EventQueue.java:97)
	at java.awt.EventQueue$3.run(EventQueue.java:709)
	at java.awt.EventQueue$3.run(EventQueue.java:703)
	at java.security.AccessController.doPrivileged(Native Method)
	at java.security.ProtectionDomain$JavaSecurityAccessImpl.doIntersectionPrivilege(ProtectionDomain.java:76)
	at java.awt.EventQueue.dispatchEvent(EventQueue.java:726)
	at java.awt.EventDispatchThread.pumpOneEventForFilters(EventDispatchThread.java:201)
	at java.awt.EventDispatchThread.pumpEventsForFilter(EventDispatchThread.java:116)
	at java.awt.EventDispatchThread.pumpEventsForFilter(EventDispatchThread.java:109)
	at java.awt.WaitDispatchSupport$2.run(WaitDispatchSupport.java:184)
	at java.awt.WaitDispatchSupport$4.run(WaitDispatchSupport.java:229)
	at java.awt.WaitDispatchSupport$4.run(WaitDispatchSupport.java:227)
	at java.security.AccessController.doPrivileged(Native Method)
	at java.awt.WaitDispatchSupport.enter(WaitDispatchSupport.java:227)
	at java.awt.Dialog.show(Dialog.java:1084)
	at jtscomponents.js.show(js.java:433)
	at java.awt.Component.show(Component.java:1673)
	at java.awt.Component.setVisible(Component.java:1625)
	at java.awt.Window.setVisible(Window.java:1014)
	at java.awt.Dialog.setVisible(Dialog.java:1005)
	at twslaunch.jclient.zc.internalSetVisible(zc.java:113)
	at jtscomponents.js.internalSetVisible(js.java:442)
	at twslaunch.jclient.zc.setVisibleJts(zc.java:94)
	at twslaunch.jutils.rc.a(rc.java:144)
	at twslaunch.jclient.zc.setVisible(zc.java:76)
	at feature.messages.ac.n(ac.java:337)
	at feature.messages.e.c(e.java:504)
	at feature.messages.e.a(e.java:456)
	at feature.messages.e.b(e.java:437)
	at feature.messages.e.a(e.java:362)
	at feature.messages.e.a(e.java:357)
	at feature.rollover.a.h(a.java:363)
	at feature.rollover.b.run(b.java:226)
	at java.awt.event.InvocationEvent.dispatch(InvocationEvent.java:311)
	at java.awt.EventQueue.dispatchEventImpl(EventQueue.java:756)
	at java.awt.EventQueue.access$500(EventQueue.java:97)
	at java.awt.EventQueue$3.run(EventQueue.java:709)
	at java.awt.EventQueue$3.run(EventQueue.java:703)
	at java.security.AccessController.doPrivileged(Native Method)
	at java.security.ProtectionDomain$JavaSecurityAccessImpl.doIntersectionPrivilege(ProtectionDomain.java:76)
	at java.awt.EventQueue.dispatchEvent(EventQueue.java:726)
	at java.awt.EventDispatchThread.pumpOneEventForFilters(EventDispatchThread.java:201)
	at java.awt.EventDispatchThread.pumpEventsForFilter(EventDispatchThread.java:116)
	at java.awt.EventDispatchThread.pumpEventsForHierarchy(EventDispatchThread.java:105)
	at java.awt.EventDispatchThread.pumpEvents(EventDispatchThread.java:101)
	at java.awt.EventDispatchThread.pumpEvents(EventDispatchThread.java:93)
	at java.awt.EventDispatchThread.run(EventDispatchThread.java:82)
